<?xml version="1.0" encoding="UTF-8"?>
<robot generator="Robot 7.4.1 (Python 3.14.2 on win32)" generated="2026-03-10T23:35:36.148359" rpa="false" schemaversion="5">
<suite id="s1" name="New Article" source="D:\Conduit-Automate-Testing\testcase\new_article.robot">
<kw name="Go To Url" owner="Keyword" type="SETUP">
<kw name="New Browser" owner="Browser">
<msg time="2026-03-10T23:35:36.869457" level="INFO">{"browser": "chromium", "headless": false, "chromiumSandbox": false, "devtools": false, "handleSIGHUP": true, "handleSIGINT": true, "handleSIGTERM": true, "slowMo": 0.0, "timeout": 30000.0, "tracesDir": "D:\\Conduit-Automate-Testing\\results\\browser\\traces\\temp\\ebb79a59-10fc-485d-9b4b-6184a4304cbf"}</msg>
<msg time="2026-03-10T23:35:36.889248" level="INFO">Starting Browser process C:\Users\com\AppData\Local\Python\pythoncore-3.14-64\Lib\site-packages\Browser\wrapper\index.js using at 127.0.0.1:56891</msg>
<msg time="2026-03-10T23:35:37.574207" level="INFO">Successfully created browser with options: {"browser":"chromium","headless":false,"chromiumSandbox":false,"devtools":false,"handleSIGHUP":true,"handleSIGINT":true,"handleSIGTERM":true,"slowMo":0,"timeout":30000,"tracesDir":"D:\\Conduit-Automate-Testing\\results\\browser\\traces\\temp\\ebb79a59-10fc-485d-9b4b-6184a4304cbf"}</msg>
<arg>${browser}</arg>
<arg>headless=False</arg>
<tag>BrowserControl</tag>
<tag>Setter</tag>
<doc>Create a new playwright Browser with specified options.</doc>
<status status="PASS" start="2026-03-10T23:35:36.868753" elapsed="0.705747"/>
</kw>
<kw name="New Page" owner="Browser">
<msg time="2026-03-10T23:35:42.386015" level="INFO">Successfully initialized new page object and opened url: https://demo.realworld.show/</msg>
<msg time="2026-03-10T23:35:42.386086" level="INFO">No context was open. New context was automatically opened when this page is created.</msg>
<arg>${url}</arg>
<arg>networkidle</arg>
<tag>BrowserControl</tag>
<tag>Setter</tag>
<doc>Open a new Page.</doc>
<status status="PASS" start="2026-03-10T23:35:37.574880" elapsed="4.811344"/>
</kw>
<kw name="Set Browser Timeout" owner="Browser">
<arg>10s</arg>
<tag>Config</tag>
<tag>Setter</tag>
<doc>Sets the timeout used by most input and getter keywords.</doc>
<status status="PASS" start="2026-03-10T23:35:42.386409" elapsed="0.000487"/>
</kw>
<kw name="Sleep" owner="BuiltIn">
<msg time="2026-03-10T23:35:47.387472" level="INFO">Slept 5 seconds.</msg>
<arg>5s</arg>
<doc>Pauses the test executed for the given time.</doc>
<status status="PASS" start="2026-03-10T23:35:42.387048" elapsed="5.000547"/>
</kw>
<status status="PASS" start="2026-03-10T23:35:36.868034" elapsed="10.519685"/>
</kw>
<test id="s1-t1" name="Create New Article Successfully With user_full" line="13">
<kw name="Create New Article From Excel">
<kw name="Set Suite Variable" owner="BuiltIn">
<msg time="2026-03-10T23:35:47.397430" level="INFO">${CURRENT_TEST_USER} = user_full</msg>
<arg>${CURRENT_TEST_USER}</arg>
<arg>${username}</arg>
<doc>Makes a variable available everywhere within the scope of the current suite.</doc>
<status status="PASS" start="2026-03-10T23:35:47.396688" elapsed="0.000790"/>
</kw>
<kw name="Sign Up" owner="Keyword">
<kw name="Click" owner="Browser">
<msg time="2026-03-10T23:35:47.398377" level="INFO">Clicks the element 'a:has-text("Sign Up")'.</msg>
<arg>selector=a:has-text("Sign Up")</arg>
<tag>PageContent</tag>
<tag>Setter</tag>
<doc>Simulates mouse click on the element found by ``selector``.</doc>
<status status="PASS" start="2026-03-10T23:35:47.398023" elapsed="0.050713"/>
</kw>
<kw name="Fill Text" owner="Browser">
<msg time="2026-03-10T23:35:47.449737" level="INFO">Fills the text 'user_full' in the given field.</msg>
<arg>selector=input[placeholder="Username"]</arg>
<arg>txt=${username}</arg>
<tag>PageContent</tag>
<tag>Setter</tag>
<doc>Clears and fills the given ``txt`` into the text field found by ``selector``.</doc>
<status status="PASS" start="2026-03-10T23:35:47.448998" elapsed="0.830404"/>
</kw>
<kw name="Fill Text" owner="Browser">
<msg time="2026-03-10T23:35:48.280376" level="INFO">Fills the text 'full@example.com' in the given field.</msg>
<arg>selector=input[placeholder="Email"]</arg>
<arg>txt=${email}</arg>
<tag>PageContent</tag>
<tag>Setter</tag>
<doc>Clears and fills the given ``txt`` into the text field found by ``selector``.</doc>
<status status="PASS" start="2026-03-10T23:35:48.279674" elapsed="0.009764"/>
</kw>
<kw name="Fill Text" owner="Browser">
<msg time="2026-03-10T23:35:48.290587" level="INFO">Fills the text 'pass123' in the given field.</msg>
<arg>selector=input[placeholder="Password"]</arg>
<arg>txt=${password}</arg>
<tag>PageContent</tag>
<tag>Setter</tag>
<doc>Clears and fills the given ``txt`` into the text field found by ``selector``.</doc>
<status status="PASS" start="2026-03-10T23:35:48.289694" elapsed="0.009559"/>
</kw>
<kw name="Get Element States" owner="Browser">
<msg time="2026-03-10T23:35:48.335373" level="INFO">States are: ['attached', 'visible', 'enabled', 'defocused']</msg>
<msg time="2026-03-10T23:35:48.335526" level="INFO">${state} = ['attached', 'visible', 'enabled', 'defocused']</msg>
<var>${state}</var>
<arg>selector=button:has-text("Sign up")</arg>
<tag>Assertion</tag>
<tag>Getter</tag>
<tag>PageContent</tag>
<doc>Get the active states from the element found by ``selector``.</doc>
<status status="PASS" start="2026-03-10T23:35:48.299558" elapsed="0.035997"/>
</kw>
<if>
<branch type="IF" condition="'enabled' in $state">
<kw name="Click" owner="Browser">
<msg time="2026-03-10T23:35:48.336394" level="INFO">Clicks the element 'button:has-text("Sign up")'.</msg>
<arg>selector=button:has-text("Sign up")</arg>
<tag>PageContent</tag>
<tag>Setter</tag>
<doc>Simulates mouse click on the element found by ``selector``.</doc>
<status status="PASS" start="2026-03-10T23:35:48.336014" elapsed="0.019055"/>
</kw>
<kw name="Wait For Elements State" owner="Browser">
<msg time="2026-03-10T23:35:49.193342" level="INFO">Waited for Element with selector a:has-text("Settings") at state visible</msg>
<arg>selector=a:has-text("Settings")</arg>
<arg>state=visible</arg>
<arg>timeout=5s</arg>
<tag>PageContent</tag>
<tag>Wait</tag>
<doc>Waits for the element found by ``selector`` to satisfy state option.</doc>
<status status="PASS" start="2026-03-10T23:35:48.355337" elapsed="0.838150"/>
</kw>
<status status="PASS" start="2026-03-10T23:35:48.335691" elapsed="0.857876"/>
</branch>
<branch type="ELSE">
<kw name="Fail" owner="BuiltIn">
<arg>Registration failed: 'Sign up' button is disabled due to missing or invalid data.</arg>
<doc>Fails the test with the given message and optionally alters its tags.</doc>
<status status="NOT RUN" start="2026-03-10T23:35:49.193841" elapsed="0.000063"/>
</kw>
<status status="NOT RUN" start="2026-03-10T23:35:49.193630" elapsed="0.000318"/>
</branch>
<status status="PASS" start="2026-03-10T23:35:48.335656" elapsed="0.858328"/>
</if>
<kw name="Sleep" owner="BuiltIn">
<msg time="2026-03-10T23:35:51.194527" level="INFO">Slept 2 seconds.</msg>
<arg>2s</arg>
<doc>Pauses the test executed for the given time.</doc>
<status status="PASS" start="2026-03-10T23:35:49.194062" elapsed="2.000621"/>
</kw>
<arg>${username}</arg>
<arg>${email}</arg>
<arg>${password}</arg>
<status status="PASS" start="2026-03-10T23:35:47.397709" elapsed="3.797094"/>
</kw>
<kw name="Create Article" owner="Keyword">
<kw name="Click" owner="Browser">
<msg time="2026-03-10T23:35:51.196093" level="INFO">Clicks the element 'a:has-text("New Article")'.</msg>
<arg>selector=a:has-text("New Article")</arg>
<tag>PageContent</tag>
<tag>Setter</tag>
<doc>Simulates mouse click on the element found by ``selector``.</doc>
<status status="PASS" start="2026-03-10T23:35:51.195686" elapsed="0.018517"/>
</kw>
<kw name="Fill Text" owner="Browser">
<msg time="2026-03-10T23:35:51.215145" level="INFO">Fills the text 'Full Article Title' in the given field.</msg>
<arg>selector=input[placeholder="Article Title"]</arg>
<arg>txt=${title}</arg>
<tag>PageContent</tag>
<tag>Setter</tag>
<doc>Clears and fills the given ``txt`` into the text field found by ``selector``.</doc>
<status status="PASS" start="2026-03-10T23:35:51.214455" elapsed="0.317274"/>
</kw>
<kw name="Fill Text" owner="Browser">
<msg time="2026-03-10T23:35:51.532701" level="INFO">Fills the text 'Full Description' in the given field.</msg>
<arg>selector=input[placeholder="What's this article about?"]</arg>
<arg>txt=${description}</arg>
<tag>PageContent</tag>
<tag>Setter</tag>
<doc>Clears and fills the given ``txt`` into the text field found by ``selector``.</doc>
<status status="PASS" start="2026-03-10T23:35:51.532014" elapsed="0.008334"/>
</kw>
<kw name="Clear Text" owner="Browser">
<arg>selector=textarea[name="body"]</arg>
<tag>PageContent</tag>
<tag>Setter</tag>
<doc>Clears the text field found by ``selector``.</doc>
<status status="PASS" start="2026-03-10T23:35:51.540597" elapsed="0.008870"/>
</kw>
<kw name="Type Text" owner="Browser">
<msg time="2026-03-10T23:35:51.550523" level="INFO">Types the text 'Full Body Content' in the given field.</msg>
<arg>selector=textarea[name="body"]</arg>
<arg>txt=${body}</arg>
<arg>delay=10ms</arg>
<tag>PageContent</tag>
<tag>Setter</tag>
<doc>Types the given ``txt`` into the text field found by ``selector``.</doc>
<status status="PASS" start="2026-03-10T23:35:51.549745" elapsed="0.276347"/>
</kw>
<kw name="Fill Text" owner="Browser">
<msg time="2026-03-10T23:35:51.827079" level="INFO">Fills the text 'tag1, tag2' in the given field.</msg>
<arg>selector=input[placeholder="Enter tags"]</arg>
<arg>txt=${tags}</arg>
<tag>PageContent</tag>
<tag>Setter</tag>
<doc>Clears and fills the given ``txt`` into the text field found by ``selector``.</doc>
<status status="PASS" start="2026-03-10T23:35:51.826374" elapsed="0.008490"/>
</kw>
<kw name="Get Element States" owner="Browser">
<msg time="2026-03-10T23:35:51.852675" level="INFO">States are: ['attached', 'visible', 'enabled', 'defocused']</msg>
<msg time="2026-03-10T23:35:51.852827" level="INFO">${btn_state} = ['attached', 'visible', 'enabled', 'defocused']</msg>
<var>${btn_state}</var>
<arg>selector=button:has-text("Publish Article")</arg>
<tag>Assertion</tag>
<tag>Getter</tag>
<tag>PageContent</tag>
<doc>Get the active states from the element found by ``selector``.</doc>
<status status="PASS" start="2026-03-10T23:35:51.835124" elapsed="0.017733"/>
</kw>
<if>
<branch type="IF" condition="'enabled' in $btn_state">
<kw name="Click" owner="Browser">
<msg time="2026-03-10T23:35:51.853968" level="INFO">Clicks the element 'button:has-text("Publish Article")'.</msg>
<arg>selector=button:has-text("Publish Article")</arg>
<tag>PageContent</tag>
<tag>Setter</tag>
<doc>Simulates mouse click on the element found by ``selector``.</doc>
<status status="PASS" start="2026-03-10T23:35:51.853308" elapsed="0.024037"/>
</kw>
<kw name="Run Keyword And Return Status" owner="BuiltIn">
<kw name="Wait For Elements State" owner="Browser">
<msg time="2026-03-10T23:35:54.756923" level="INFO">Waited for Element with selector h1:has-text("Full Article Title") at state visible</msg>
<arg>selector=h1:has-text("${title}")</arg>
<arg>state=visible</arg>
<arg>timeout=10s</arg>
<tag>PageContent</tag>
<tag>Wait</tag>
<doc>Waits for the element found by ``selector`` to satisfy state option.</doc>
<status status="PASS" start="2026-03-10T23:35:51.878044" elapsed="2.879029"/>
</kw>
<msg time="2026-03-10T23:35:54.757221" level="INFO">${status} = True</msg>
<var>${status}</var>
<arg>Wait For Elements State</arg>
<arg>selector=h1:has-text("${title}")</arg>
<arg>state=visible</arg>
<arg>timeout=10s</arg>
<doc>Runs the specified keyword and returns the status as a Boolean value.</doc>
<status status="PASS" start="2026-03-10T23:35:51.877569" elapsed="2.879678"/>
</kw>
<if>
<branch type="IF" condition="not ${status}">
<kw name="Take Screenshot" owner="Browser">
<arg>selector=body</arg>
<tag>PageContent</tag>
<doc>Takes a screenshot of the current window or element and saves it to disk.</doc>
<status status="NOT RUN" start="2026-03-10T23:35:54.757619" elapsed="0.000055"/>
</kw>
<kw name="Fail" owner="BuiltIn">
<arg>Article creation failed or title not visible. Check screenshot.</arg>
<doc>Fails the test with the given message and optionally alters its tags.</doc>
<status status="NOT RUN" start="2026-03-10T23:35:54.757766" elapsed="0.000048"/>
</kw>
<status status="NOT RUN" start="2026-03-10T23:35:54.757345" elapsed="0.000506"/>
</branch>
<status status="PASS" start="2026-03-10T23:35:54.757319" elapsed="0.000569"/>
</if>
<status status="PASS" start="2026-03-10T23:35:51.852985" elapsed="2.904926"/>
</branch>
<branch type="ELSE">
<kw name="Take Screenshot" owner="Browser">
<arg>selector=body</arg>
<tag>PageContent</tag>
<doc>Takes a screenshot of the current window or element and saves it to disk.</doc>
<status status="NOT RUN" start="2026-03-10T23:35:54.758052" elapsed="0.000049"/>
</kw>
<kw name="Fail" owner="BuiltIn">
<arg>'Publish Article' button is disabled. Required fields (Title/Body) might be missing.</arg>
<doc>Fails the test with the given message and optionally alters its tags.</doc>
<status status="NOT RUN" start="2026-03-10T23:35:54.758182" elapsed="0.000044"/>
</kw>
<status status="NOT RUN" start="2026-03-10T23:35:54.757941" elapsed="0.000320"/>
</branch>
<status status="PASS" start="2026-03-10T23:35:51.852957" elapsed="2.905332"/>
</if>
<arg>${title}</arg>
<arg>${description}</arg>
<arg>${body}</arg>
<arg>${tags}</arg>
<status status="PASS" start="2026-03-10T23:35:51.195185" elapsed="3.563148"/>
</kw>
<arg>username=user_full</arg>
<arg>email=full@example.com</arg>
<arg>password=pass123</arg>
<arg>title=Full Article Title</arg>
<arg>description=Full Description</arg>
<arg>body=Full Body Content</arg>
<arg>tags=tag1, tag2</arg>
<status status="PASS" start="2026-03-10T23:35:47.396220" elapsed="7.362169"/>
</kw>
<kw name="Teardown Article Test" type="TEARDOWN">
<kw name="Run Keyword If Test Passed" owner="BuiltIn">
<kw name="Log Result To Excel" owner="Keyword">
<kw name="Set Variable" owner="BuiltIn">
<msg time="2026-03-10T23:35:54.759980" level="INFO">${excel_path} = D:\Conduit-Automate-Testing\Resource/../Testdata/testdata_article.xlsx</msg>
<var>${excel_path}</var>
<arg>D:\\Conduit-Automate-Testing\\Resource/../Testdata/${excel_file}</arg>
<doc>Returns the given values which can then be assigned to a variables.</doc>
<status status="PASS" start="2026-03-10T23:35:54.759728" elapsed="0.000277"/>
</kw>
<kw name="Log" owner="BuiltIn">
<msg time="2026-03-10T23:35:54.760329" level="INFO">Logging result for user_full with status PASS to D:\Conduit-Automate-Testing\Resource/../Testdata/testdata_article.xlsx</msg>
<arg>Logging result for ${user} with status ${status} to ${excel_path}</arg>
<doc>Logs the given message with the given level.</doc>
<status status="PASS" start="2026-03-10T23:35:54.760094" elapsed="0.000273"/>
</kw>
<kw name="Open Excel Document" owner="ExcelLibrary">
<arg>${excel_path}</arg>
<arg>signup</arg>
<doc>Opens xlsx document file.</doc>
<status status="PASS" start="2026-03-10T23:35:54.760445" elapsed="0.003764"/>
</kw>
<kw name="Read Excel Row" owner="ExcelLibrary">
<msg time="2026-03-10T23:35:54.764575" level="INFO">${headers} = ['${username}', '${email}', '${password}', '${title}', '${description}', '${body}', '${tags}', 'Result']</msg>
<var>${headers}</var>
<arg>row_num=1</arg>
<arg>sheet_name=Sheet1</arg>
<doc>Returns content of a row from the current sheet of the document.</doc>
<status status="PASS" start="2026-03-10T23:35:54.764336" elapsed="0.000267"/>
</kw>
<kw name="Set Variable" owner="BuiltIn">
<msg time="2026-03-10T23:35:54.765091" level="INFO">${u_col} = 1</msg>
<var>${u_col}</var>
<arg>${1}</arg>
<doc>Returns the given values which can then be assigned to a variables.</doc>
<status status="PASS" start="2026-03-10T23:35:54.764696" elapsed="0.000419"/>
</kw>
<kw name="Set Variable" owner="BuiltIn">
<msg time="2026-03-10T23:35:54.765590" level="INFO">${res_col} = -1</msg>
<var>${res_col}</var>
<arg>${-1}</arg>
<doc>Returns the given values which can then be assigned to a variables.</doc>
<status status="PASS" start="2026-03-10T23:35:54.765217" elapsed="0.000399"/>
</kw>
<kw name="Set Variable" owner="BuiltIn">
<msg time="2026-03-10T23:35:54.766221" level="INFO">${index} = 1</msg>
<var>${index}</var>
<arg>${1}</arg>
<doc>Returns the given values which can then be assigned to a variables.</doc>
<status status="PASS" start="2026-03-10T23:35:54.765727" elapsed="0.000518"/>
</kw>
<for flavor="IN">
<iter>
<kw name="Convert To String" owner="BuiltIn">
<msg time="2026-03-10T23:35:54.766903" level="INFO">${header_str} = ${username}</msg>
<var>${header_str}</var>
<arg>${header}</arg>
<doc>Converts the given item to a Unicode string.</doc>
<status status="PASS" start="2026-03-10T23:35:54.766656" elapsed="0.000270"/>
</kw>
<if>
<branch type="IF" condition="'username' in $header_str.lower()">
<kw name="Set Variable" owner="BuiltIn">
<msg time="2026-03-10T23:35:54.767448" level="INFO">${u_col} = 1</msg>
<var>${u_col}</var>
<arg>${index}</arg>
<doc>Returns the given values which can then be assigned to a variables.</doc>
<status status="PASS" start="2026-03-10T23:35:54.767221" elapsed="0.000250"/>
</kw>
<status status="PASS" start="2026-03-10T23:35:54.767019" elapsed="0.000492"/>
</branch>
<status status="PASS" start="2026-03-10T23:35:54.766978" elapsed="0.000567"/>
</if>
<if>
<branch type="IF" condition="'Result' == $header_str">
<kw name="Set Variable" owner="BuiltIn">
<var>${res_col}</var>
<arg>${index}</arg>
<doc>Returns the given values which can then be assigned to a variables.</doc>
<status status="NOT RUN" start="2026-03-10T23:35:54.767758" elapsed="0.000049"/>
</kw>
<status status="NOT RUN" start="2026-03-10T23:35:54.767588" elapsed="0.000259"/>
</branch>
<status status="PASS" start="2026-03-10T23:35:54.767575" elapsed="0.000301"/>
</if>
<kw name="Evaluate" owner="BuiltIn">
<msg time="2026-03-10T23:35:54.768218" level="INFO">${index} = 2</msg>
<var>${index}</var>
<arg>${index} + 1</arg>
<doc>Evaluates the given expression in Python and returns the result.</doc>
<status status="PASS" start="2026-03-10T23:35:54.767939" elapsed="0.000303"/>
</kw>
<var name="${header}">${username}</var>
<status status="PASS" start="2026-03-10T23:35:54.766536" elapsed="0.001745"/>
</iter>
<iter>
<kw name="Convert To String" owner="BuiltIn">
<msg time="2026-03-10T23:35:54.768782" level="INFO">${header_str} = ${email}</msg>
<var>${header_str}</var>
<arg>${header}</arg>
<doc>Converts the given item to a Unicode string.</doc>
<status status="PASS" start="2026-03-10T23:35:54.768522" elapsed="0.000284"/>
</kw>
<if>
<branch type="IF" condition="'username' in $header_str.lower()">
<kw name="Set Variable" owner="BuiltIn">
<var>${u_col}</var>
<arg>${index}</arg>
<doc>Returns the given values which can then be assigned to a variables.</doc>
<status status="NOT RUN" start="2026-03-10T23:35:54.769046" elapsed="0.000047"/>
</kw>
<status status="NOT RUN" start="2026-03-10T23:35:54.768870" elapsed="0.000263"/>
</branch>
<status status="PASS" start="2026-03-10T23:35:54.768855" elapsed="0.000306"/>
</if>
<if>
<branch type="IF" condition="'Result' == $header_str">
<kw name="Set Variable" owner="BuiltIn">
<var>${res_col}</var>
<arg>${index}</arg>
<doc>Returns the given values which can then be assigned to a variables.</doc>
<status status="NOT RUN" start="2026-03-10T23:35:54.769359" elapsed="0.000045"/>
</kw>
<status status="NOT RUN" start="2026-03-10T23:35:54.769204" elapsed="0.000239"/>
</branch>
<status status="PASS" start="2026-03-10T23:35:54.769192" elapsed="0.000280"/>
</if>
<kw name="Evaluate" owner="BuiltIn">
<msg time="2026-03-10T23:35:54.770018" level="INFO">${index} = 3</msg>
<var>${index}</var>
<arg>${index} + 1</arg>
<doc>Evaluates the given expression in Python and returns the result.</doc>
<status status="PASS" start="2026-03-10T23:35:54.769535" elapsed="0.000512"/>
</kw>
<var name="${header}">${email}</var>
<status status="PASS" start="2026-03-10T23:35:54.768419" elapsed="0.001668"/>
</iter>
<iter>
<kw name="Convert To String" owner="BuiltIn">
<msg time="2026-03-10T23:35:54.770603" level="INFO">${header_str} = ${password}</msg>
<var>${header_str}</var>
<arg>${header}</arg>
<doc>Converts the given item to a Unicode string.</doc>
<status status="PASS" start="2026-03-10T23:35:54.770365" elapsed="0.000262"/>
</kw>
<if>
<branch type="IF" condition="'username' in $header_str.lower()">
<kw name="Set Variable" owner="BuiltIn">
<var>${u_col}</var>
<arg>${index}</arg>
<doc>Returns the given values which can then be assigned to a variables.</doc>
<status status="NOT RUN" start="2026-03-10T23:35:54.770887" elapsed="0.000047"/>
</kw>
<status status="NOT RUN" start="2026-03-10T23:35:54.770706" elapsed="0.000267"/>
</branch>
<status status="PASS" start="2026-03-10T23:35:54.770675" elapsed="0.000328"/>
</if>
<if>
<branch type="IF" condition="'Result' == $header_str">
<kw name="Set Variable" owner="BuiltIn">
<var>${res_col}</var>
<arg>${index}</arg>
<doc>Returns the given values which can then be assigned to a variables.</doc>
<status status="NOT RUN" start="2026-03-10T23:35:54.771211" elapsed="0.000048"/>
</kw>
<status status="NOT RUN" start="2026-03-10T23:35:54.771044" elapsed="0.000254"/>
</branch>
<status status="PASS" start="2026-03-10T23:35:54.771032" elapsed="0.000294"/>
</if>
<kw name="Evaluate" owner="BuiltIn">
<msg time="2026-03-10T23:35:54.771645" level="INFO">${index} = 4</msg>
<var>${index}</var>
<arg>${index} + 1</arg>
<doc>Evaluates the given expression in Python and returns the result.</doc>
<status status="PASS" start="2026-03-10T23:35:54.771388" elapsed="0.000281"/>
</kw>
<var name="${header}">${password}</var>
<status status="PASS" start="2026-03-10T23:35:54.770258" elapsed="0.001448"/>
</iter>
<iter>
<kw name="Convert To String" owner="BuiltIn">
<msg time="2026-03-10T23:35:54.772154" level="INFO">${header_str} = ${title}</msg>
<var>${header_str}</var>
<arg>${header}</arg>
<doc>Converts the given item to a Unicode string.</doc>
<status status="PASS" start="2026-03-10T23:35:54.771924" elapsed="0.000253"/>
</kw>
<if>
<branch type="IF" condition="'username' in $header_str.lower()">
<kw name="Set Variable" owner="BuiltIn">
<var>${u_col}</var>
<arg>${index}</arg>
<doc>Returns the given values which can then be assigned to a variables.</doc>
<status status="NOT RUN" start="2026-03-10T23:35:54.772408" elapsed="0.000045"/>
</kw>
<status status="NOT RUN" start="2026-03-10T23:35:54.772238" elapsed="0.000253"/>
</branch>
<status status="PASS" start="2026-03-10T23:35:54.772223" elapsed="0.000298"/>
</if>
<if>
<branch type="IF" condition="'Result' == $header_str">
<kw name="Set Variable" owner="BuiltIn">
<var>${res_col}</var>
<arg>${index}</arg>
<doc>Returns the given values which can then be assigned to a variables.</doc>
<status status="NOT RUN" start="2026-03-10T23:35:54.772729" elapsed="0.000049"/>
</kw>
<status status="NOT RUN" start="2026-03-10T23:35:54.772562" elapsed="0.000254"/>
</branch>
<status status="PASS" start="2026-03-10T23:35:54.772550" elapsed="0.000294"/>
</if>
<kw name="Evaluate" owner="BuiltIn">
<msg time="2026-03-10T23:35:54.773185" level="INFO">${index} = 5</msg>
<var>${index}</var>
<arg>${index} + 1</arg>
<doc>Evaluates the given expression in Python and returns the result.</doc>
<status status="PASS" start="2026-03-10T23:35:54.772907" elapsed="0.000302"/>
</kw>
<var name="${header}">${title}</var>
<status status="PASS" start="2026-03-10T23:35:54.771828" elapsed="0.001419"/>
</iter>
<iter>
<kw name="Convert To String" owner="BuiltIn">
<msg time="2026-03-10T23:35:54.773714" level="INFO">${header_str} = ${description}</msg>
<var>${header_str}</var>
<arg>${header}</arg>
<doc>Converts the given item to a Unicode string.</doc>
<status status="PASS" start="2026-03-10T23:35:54.773471" elapsed="0.000267"/>
</kw>
<if>
<branch type="IF" condition="'username' in $header_str.lower()">
<kw name="Set Variable" owner="BuiltIn">
<var>${u_col}</var>
<arg>${index}</arg>
<doc>Returns the given values which can then be assigned to a variables.</doc>
<status status="NOT RUN" start="2026-03-10T23:35:54.773983" elapsed="0.000047"/>
</kw>
<status status="NOT RUN" start="2026-03-10T23:35:54.773804" elapsed="0.000387"/>
</branch>
<status status="PASS" start="2026-03-10T23:35:54.773788" elapsed="0.000470"/>
</if>
<if>
<branch type="IF" condition="'Result' == $header_str">
<kw name="Set Variable" owner="BuiltIn">
<var>${res_col}</var>
<arg>${index}</arg>
<doc>Returns the given values which can then be assigned to a variables.</doc>
<status status="NOT RUN" start="2026-03-10T23:35:54.774480" elapsed="0.000046"/>
</kw>
<status status="NOT RUN" start="2026-03-10T23:35:54.774310" elapsed="0.000258"/>
</branch>
<status status="PASS" start="2026-03-10T23:35:54.774295" elapsed="0.000302"/>
</if>
<kw name="Evaluate" owner="BuiltIn">
<msg time="2026-03-10T23:35:54.774918" level="INFO">${index} = 6</msg>
<var>${index}</var>
<arg>${index} + 1</arg>
<doc>Evaluates the given expression in Python and returns the result.</doc>
<status status="PASS" start="2026-03-10T23:35:54.774659" elapsed="0.000283"/>
</kw>
<var name="${header}">${description}</var>
<status status="PASS" start="2026-03-10T23:35:54.773372" elapsed="0.001608"/>
</iter>
<iter>
<kw name="Convert To String" owner="BuiltIn">
<msg time="2026-03-10T23:35:54.775436" level="INFO">${header_str} = ${body}</msg>
<var>${header_str}</var>
<arg>${header}</arg>
<doc>Converts the given item to a Unicode string.</doc>
<status status="PASS" start="2026-03-10T23:35:54.775203" elapsed="0.000256"/>
</kw>
<if>
<branch type="IF" condition="'username' in $header_str.lower()">
<kw name="Set Variable" owner="BuiltIn">
<var>${u_col}</var>
<arg>${index}</arg>
<doc>Returns the given values which can then be assigned to a variables.</doc>
<status status="NOT RUN" start="2026-03-10T23:35:54.775696" elapsed="0.000074"/>
</kw>
<status status="NOT RUN" start="2026-03-10T23:35:54.775522" elapsed="0.000296"/>
</branch>
<status status="PASS" start="2026-03-10T23:35:54.775508" elapsed="0.000343"/>
</if>
<if>
<branch type="IF" condition="'Result' == $header_str">
<kw name="Set Variable" owner="BuiltIn">
<var>${res_col}</var>
<arg>${index}</arg>
<doc>Returns the given values which can then be assigned to a variables.</doc>
<status status="NOT RUN" start="2026-03-10T23:35:54.776063" elapsed="0.000046"/>
</kw>
<status status="NOT RUN" start="2026-03-10T23:35:54.775894" elapsed="0.000255"/>
</branch>
<status status="PASS" start="2026-03-10T23:35:54.775881" elapsed="0.000297"/>
</if>
<kw name="Evaluate" owner="BuiltIn">
<msg time="2026-03-10T23:35:54.776509" level="INFO">${index} = 7</msg>
<var>${index}</var>
<arg>${index} + 1</arg>
<doc>Evaluates the given expression in Python and returns the result.</doc>
<status status="PASS" start="2026-03-10T23:35:54.776249" elapsed="0.000284"/>
</kw>
<var name="${header}">${body}</var>
<status status="PASS" start="2026-03-10T23:35:54.775105" elapsed="0.001466"/>
</iter>
<iter>
<kw name="Convert To String" owner="BuiltIn">
<msg time="2026-03-10T23:35:54.777044" level="INFO">${header_str} = ${tags}</msg>
<var>${header_str}</var>
<arg>${header}</arg>
<doc>Converts the given item to a Unicode string.</doc>
<status status="PASS" start="2026-03-10T23:35:54.776788" elapsed="0.000279"/>
</kw>
<if>
<branch type="IF" condition="'username' in $header_str.lower()">
<kw name="Set Variable" owner="BuiltIn">
<var>${u_col}</var>
<arg>${index}</arg>
<doc>Returns the given values which can then be assigned to a variables.</doc>
<status status="NOT RUN" start="2026-03-10T23:35:54.777313" elapsed="0.000048"/>
</kw>
<status status="NOT RUN" start="2026-03-10T23:35:54.777128" elapsed="0.000273"/>
</branch>
<status status="PASS" start="2026-03-10T23:35:54.777114" elapsed="0.000317"/>
</if>
<if>
<branch type="IF" condition="'Result' == $header_str">
<kw name="Set Variable" owner="BuiltIn">
<var>${res_col}</var>
<arg>${index}</arg>
<doc>Returns the given values which can then be assigned to a variables.</doc>
<status status="NOT RUN" start="2026-03-10T23:35:54.777632" elapsed="0.000047"/>
</kw>
<status status="NOT RUN" start="2026-03-10T23:35:54.777472" elapsed="0.000247"/>
</branch>
<status status="PASS" start="2026-03-10T23:35:54.777460" elapsed="0.000293"/>
</if>
<kw name="Evaluate" owner="BuiltIn">
<msg time="2026-03-10T23:35:54.778070" level="INFO">${index} = 8</msg>
<var>${index}</var>
<arg>${index} + 1</arg>
<doc>Evaluates the given expression in Python and returns the result.</doc>
<status status="PASS" start="2026-03-10T23:35:54.777816" elapsed="0.000278"/>
</kw>
<var name="${header}">${tags}</var>
<status status="PASS" start="2026-03-10T23:35:54.776692" elapsed="0.001439"/>
</iter>
<iter>
<kw name="Convert To String" owner="BuiltIn">
<msg time="2026-03-10T23:35:54.778697" level="INFO">${header_str} = Result</msg>
<var>${header_str}</var>
<arg>${header}</arg>
<doc>Converts the given item to a Unicode string.</doc>
<status status="PASS" start="2026-03-10T23:35:54.778460" elapsed="0.000259"/>
</kw>
<if>
<branch type="IF" condition="'username' in $header_str.lower()">
<kw name="Set Variable" owner="BuiltIn">
<var>${u_col}</var>
<arg>${index}</arg>
<doc>Returns the given values which can then be assigned to a variables.</doc>
<status status="NOT RUN" start="2026-03-10T23:35:54.778966" elapsed="0.000047"/>
</kw>
<status status="NOT RUN" start="2026-03-10T23:35:54.778793" elapsed="0.000259"/>
</branch>
<status status="PASS" start="2026-03-10T23:35:54.778779" elapsed="0.000301"/>
</if>
<if>
<branch type="IF" condition="'Result' == $header_str">
<kw name="Set Variable" owner="BuiltIn">
<msg time="2026-03-10T23:35:54.779526" level="INFO">${res_col} = 8</msg>
<var>${res_col}</var>
<arg>${index}</arg>
<doc>Returns the given values which can then be assigned to a variables.</doc>
<status status="PASS" start="2026-03-10T23:35:54.779297" elapsed="0.000254"/>
</kw>
<status status="PASS" start="2026-03-10T23:35:54.779122" elapsed="0.000468"/>
</branch>
<status status="PASS" start="2026-03-10T23:35:54.779110" elapsed="0.000509"/>
</if>
<kw name="Evaluate" owner="BuiltIn">
<msg time="2026-03-10T23:35:54.779933" level="INFO">${index} = 9</msg>
<var>${index}</var>
<arg>${index} + 1</arg>
<doc>Evaluates the given expression in Python and returns the result.</doc>
<status status="PASS" start="2026-03-10T23:35:54.779684" elapsed="0.000271"/>
</kw>
<var name="${header}">Result</var>
<status status="PASS" start="2026-03-10T23:35:54.778356" elapsed="0.001637"/>
</iter>
<var>${header}</var>
<value>@{headers}</value>
<status status="PASS" start="2026-03-10T23:35:54.766308" elapsed="0.013722"/>
</for>
<if>
<branch type="IF" condition="$res_col == -1">
<kw name="Set Variable" owner="BuiltIn">
<var>${res_col}</var>
<arg>${index}</arg>
<doc>Returns the given values which can then be assigned to a variables.</doc>
<status status="NOT RUN" start="2026-03-10T23:35:54.780280" elapsed="0.000061"/>
</kw>
<kw name="Write Excel Cell" owner="ExcelLibrary">
<arg>row_num=1</arg>
<arg>col_num=${res_col}</arg>
<arg>value=Result</arg>
<arg>sheet_name=Sheet1</arg>
<doc>Writes value to the cell.</doc>
<status status="NOT RUN" start="2026-03-10T23:35:54.780429" elapsed="0.000046"/>
</kw>
<status status="NOT RUN" start="2026-03-10T23:35:54.780101" elapsed="0.000416"/>
</branch>
<status status="PASS" start="2026-03-10T23:35:54.780088" elapsed="0.000458"/>
</if>
<kw name="Convert To String" owner="BuiltIn">
<msg time="2026-03-10T23:35:54.780848" level="INFO">${target_user} = user_full</msg>
<var>${target_user}</var>
<arg>${user}</arg>
<doc>Converts the given item to a Unicode string.</doc>
<status status="PASS" start="2026-03-10T23:35:54.780608" elapsed="0.000262"/>
</kw>
<kw name="Set Variable If" owner="BuiltIn">
<msg time="2026-03-10T23:35:54.781243" level="INFO">${target_user} = user_full</msg>
<var>${target_user}</var>
<arg>'${target_user}' == 'None'</arg>
<arg>${EMPTY}</arg>
<arg>${target_user}</arg>
<doc>Sets variable based on the given condition.</doc>
<status status="PASS" start="2026-03-10T23:35:54.780958" elapsed="0.000308"/>
</kw>
<kw name="Set Variable" owner="BuiltIn">
<msg time="2026-03-10T23:35:54.781558" level="INFO">${row_idx} = 2</msg>
<var>${row_idx}</var>
<arg>2</arg>
<doc>Returns the given values which can then be assigned to a variables.</doc>
<status status="PASS" start="2026-03-10T23:35:54.781356" elapsed="0.000241"/>
</kw>
<while condition="${True}">
<iter>
<kw name="Read Excel Row" owner="ExcelLibrary">
<msg time="2026-03-10T23:35:54.798035" level="INFO">${current_row} = ['user_full', 'full@example.com', 'pass123', 'Full Article Title', 'Full Description', 'Full Body Content', 'tag1, tag2', None]</msg>
<var>${current_row}</var>
<arg>row_num=${row_idx}</arg>
<arg>sheet_name=Sheet1</arg>
<doc>Returns content of a row from the current sheet of the document.</doc>
<status status="PASS" start="2026-03-10T23:35:54.797708" elapsed="0.000358"/>
</kw>
<kw name="Get Length" owner="BuiltIn">
<msg time="2026-03-10T23:35:54.798590" level="INFO">Length is 8.</msg>
<msg time="2026-03-10T23:35:54.798657" level="INFO">${row_len} = 8</msg>
<var>${row_len}</var>
<arg>${current_row}</arg>
<doc>Returns and logs the length of the given item as an integer.</doc>
<status status="PASS" start="2026-03-10T23:35:54.798180" elapsed="0.000498"/>
</kw>
<if>
<branch type="IF" condition="${row_len} == 0">
<break>
<status status="NOT RUN" start="2026-03-10T23:35:54.798911" elapsed="0.000070"/>
</break>
<status status="NOT RUN" start="2026-03-10T23:35:54.798760" elapsed="0.000264"/>
</branch>
<status status="PASS" start="2026-03-10T23:35:54.798739" elapsed="0.000317"/>
</if>
<kw name="Evaluate" owner="BuiltIn">
<msg time="2026-03-10T23:35:54.799631" level="INFO">${is_empty} = False</msg>
<var>${is_empty}</var>
<arg>all(item is None for item in $current_row)</arg>
<doc>Evaluates the given expression in Python and returns the result.</doc>
<status status="PASS" start="2026-03-10T23:35:54.799244" elapsed="0.000415"/>
</kw>
<if>
<branch type="IF" condition="${is_empty}">
<break>
<status status="NOT RUN" start="2026-03-10T23:35:54.799831" elapsed="0.000046"/>
</break>
<status status="NOT RUN" start="2026-03-10T23:35:54.799735" elapsed="0.000178"/>
</branch>
<status status="PASS" start="2026-03-10T23:35:54.799719" elapsed="0.000223"/>
</if>
<kw name="Set Variable" owner="BuiltIn">
<msg time="2026-03-10T23:35:54.800620" level="INFO">${raw_val} = user_full</msg>
<var>${raw_val}</var>
<arg>${current_row[${u_col}-1]}</arg>
<doc>Returns the given values which can then be assigned to a variables.</doc>
<status status="PASS" start="2026-03-10T23:35:54.800014" elapsed="0.000633"/>
</kw>
<kw name="Convert To String" owner="BuiltIn">
<msg time="2026-03-10T23:35:54.800998" level="INFO">${current_val} = user_full</msg>
<var>${current_val}</var>
<arg>${raw_val}</arg>
<doc>Converts the given item to a Unicode string.</doc>
<status status="PASS" start="2026-03-10T23:35:54.800741" elapsed="0.000281"/>
</kw>
<kw name="Set Variable If" owner="BuiltIn">
<msg time="2026-03-10T23:35:54.801445" level="INFO">${current_val} = user_full</msg>
<var>${current_val}</var>
<arg>'${current_val}' == 'None'</arg>
<arg>${EMPTY}</arg>
<arg>${current_val}</arg>
<doc>Sets variable based on the given condition.</doc>
<status status="PASS" start="2026-03-10T23:35:54.801141" elapsed="0.000327"/>
</kw>
<if>
<branch type="IF" condition="'${current_val.strip()}' == '${target_user.strip()}'">
<kw name="Write Excel Cell" owner="ExcelLibrary">
<arg>row_num=${row_idx}</arg>
<arg>col_num=${res_col}</arg>
<arg>value=${status}</arg>
<arg>sheet_name=Sheet1</arg>
<doc>Writes value to the cell.</doc>
<status status="PASS" start="2026-03-10T23:35:54.802195" elapsed="0.000240"/>
</kw>
<status status="PASS" start="2026-03-10T23:35:54.801540" elapsed="0.000942"/>
</branch>
<status status="PASS" start="2026-03-10T23:35:54.801524" elapsed="0.000990"/>
</if>
<kw name="Evaluate" owner="BuiltIn">
<msg time="2026-03-10T23:35:54.802845" level="INFO">${row_idx} = 3</msg>
<var>${row_idx}</var>
<arg>${row_idx} + 1</arg>
<doc>Evaluates the given expression in Python and returns the result.</doc>
<status status="PASS" start="2026-03-10T23:35:54.802581" elapsed="0.000289"/>
</kw>
<if>
<branch type="IF" condition="$row_idx &gt; 1000">
<break>
<status status="NOT RUN" start="2026-03-10T23:35:54.803061" elapsed="0.000056"/>
</break>
<status status="NOT RUN" start="2026-03-10T23:35:54.802935" elapsed="0.000248"/>
</branch>
<status status="PASS" start="2026-03-10T23:35:54.802920" elapsed="0.000293"/>
</if>
<status status="PASS" start="2026-03-10T23:35:54.781658" elapsed="0.021671"/>
</iter>
<iter>
<kw name="Read Excel Row" owner="ExcelLibrary">
<msg time="2026-03-10T23:35:54.803876" level="INFO">${current_row} = ['user_no_tags', 'notags@example.com', 'pass123', 'No Tags Title', 'No Tags Description', 'No Tags Body', None, None]</msg>
<var>${current_row}</var>
<arg>row_num=${row_idx}</arg>
<arg>sheet_name=Sheet1</arg>
<doc>Returns content of a row from the current sheet of the document.</doc>
<status status="PASS" start="2026-03-10T23:35:54.803652" elapsed="0.000248"/>
</kw>
<kw name="Get Length" owner="BuiltIn">
<msg time="2026-03-10T23:35:54.804256" level="INFO">Length is 8.</msg>
<msg time="2026-03-10T23:35:54.804316" level="INFO">${row_len} = 8</msg>
<var>${row_len}</var>
<arg>${current_row}</arg>
<doc>Returns and logs the length of the given item as an integer.</doc>
<status status="PASS" start="2026-03-10T23:35:54.803988" elapsed="0.000348"/>
</kw>
<if>
<branch type="IF" condition="${row_len} == 0">
<break>
<status status="NOT RUN" start="2026-03-10T23:35:54.804526" elapsed="0.000044"/>
</break>
<status status="NOT RUN" start="2026-03-10T23:35:54.804404" elapsed="0.000211"/>
</branch>
<status status="PASS" start="2026-03-10T23:35:54.804388" elapsed="0.000258"/>
</if>
<kw name="Evaluate" owner="BuiltIn">
<msg time="2026-03-10T23:35:54.805097" level="INFO">${is_empty} = False</msg>
<var>${is_empty}</var>
<arg>all(item is None for item in $current_row)</arg>
<doc>Evaluates the given expression in Python and returns the result.</doc>
<status status="PASS" start="2026-03-10T23:35:54.804714" elapsed="0.000410"/>
</kw>
<if>
<branch type="IF" condition="${is_empty}">
<break>
<status status="NOT RUN" start="2026-03-10T23:35:54.805286" elapsed="0.000042"/>
</break>
<status status="NOT RUN" start="2026-03-10T23:35:54.805194" elapsed="0.000166"/>
</branch>
<status status="PASS" start="2026-03-10T23:35:54.805178" elapsed="0.000210"/>
</if>
<kw name="Set Variable" owner="BuiltIn">
<msg time="2026-03-10T23:35:54.805982" level="INFO">${raw_val} = user_no_tags</msg>
<var>${raw_val}</var>
<arg>${current_row[${u_col}-1]}</arg>
<doc>Returns the given values which can then be assigned to a variables.</doc>
<status status="PASS" start="2026-03-10T23:35:54.805458" elapsed="0.000548"/>
</kw>
<kw name="Convert To String" owner="BuiltIn">
<msg time="2026-03-10T23:35:54.806349" level="INFO">${current_val} = user_no_tags</msg>
<var>${current_val}</var>
<arg>${raw_val}</arg>
<doc>Converts the given item to a Unicode string.</doc>
<status status="PASS" start="2026-03-10T23:35:54.806108" elapsed="0.000264"/>
</kw>
<kw name="Set Variable If" owner="BuiltIn">
<msg time="2026-03-10T23:35:54.806741" level="INFO">${current_val} = user_no_tags</msg>
<var>${current_val}</var>
<arg>'${current_val}' == 'None'</arg>
<arg>${EMPTY}</arg>
<arg>${current_val}</arg>
<doc>Sets variable based on the given condition.</doc>
<status status="PASS" start="2026-03-10T23:35:54.806461" elapsed="0.000303"/>
</kw>
<if>
<branch type="IF" condition="'${current_val.strip()}' == '${target_user.strip()}'">
<kw name="Write Excel Cell" owner="ExcelLibrary">
<arg>row_num=${row_idx}</arg>
<arg>col_num=${res_col}</arg>
<arg>value=${status}</arg>
<arg>sheet_name=Sheet1</arg>
<doc>Writes value to the cell.</doc>
<status status="NOT RUN" start="2026-03-10T23:35:54.807598" elapsed="0.000054"/>
</kw>
<status status="NOT RUN" start="2026-03-10T23:35:54.806834" elapsed="0.000867"/>
</branch>
<status status="PASS" start="2026-03-10T23:35:54.806820" elapsed="0.000914"/>
</if>
<kw name="Evaluate" owner="BuiltIn">
<msg time="2026-03-10T23:35:54.808066" level="INFO">${row_idx} = 4</msg>
<var>${row_idx}</var>
<arg>${row_idx} + 1</arg>
<doc>Evaluates the given expression in Python and returns the result.</doc>
<status status="PASS" start="2026-03-10T23:35:54.807799" elapsed="0.000316"/>
</kw>
<if>
<branch type="IF" condition="$row_idx &gt; 1000">
<break>
<status status="NOT RUN" start="2026-03-10T23:35:54.808309" elapsed="0.000042"/>
</break>
<status status="NOT RUN" start="2026-03-10T23:35:54.808183" elapsed="0.000202"/>
</branch>
<status status="PASS" start="2026-03-10T23:35:54.808168" elapsed="0.000245"/>
</if>
<status status="PASS" start="2026-03-10T23:35:54.803371" elapsed="0.005061"/>
</iter>
<iter>
<kw name="Read Excel Row" owner="ExcelLibrary">
<msg time="2026-03-10T23:35:54.808922" level="INFO">${current_row} = ['user_no_desc', 'nodesc@example.com', 'pass123', 'No Description Title', None, 'No Description Body', 'tag3', None]</msg>
<var>${current_row}</var>
<arg>row_num=${row_idx}</arg>
<arg>sheet_name=Sheet1</arg>
<doc>Returns content of a row from the current sheet of the document.</doc>
<status status="PASS" start="2026-03-10T23:35:54.808714" elapsed="0.000232"/>
</kw>
<kw name="Get Length" owner="BuiltIn">
<msg time="2026-03-10T23:35:54.809262" level="INFO">Length is 8.</msg>
<msg time="2026-03-10T23:35:54.809319" level="INFO">${row_len} = 8</msg>
<var>${row_len}</var>
<arg>${current_row}</arg>
<doc>Returns and logs the length of the given item as an integer.</doc>
<status status="PASS" start="2026-03-10T23:35:54.809031" elapsed="0.000308"/>
</kw>
<if>
<branch type="IF" condition="${row_len} == 0">
<break>
<status status="NOT RUN" start="2026-03-10T23:35:54.809518" elapsed="0.000042"/>
</break>
<status status="NOT RUN" start="2026-03-10T23:35:54.809403" elapsed="0.000190"/>
</branch>
<status status="PASS" start="2026-03-10T23:35:54.809388" elapsed="0.000234"/>
</if>
<kw name="Evaluate" owner="BuiltIn">
<msg time="2026-03-10T23:35:54.810021" level="INFO">${is_empty} = False</msg>
<var>${is_empty}</var>
<arg>all(item is None for item in $current_row)</arg>
<doc>Evaluates the given expression in Python and returns the result.</doc>
<status status="PASS" start="2026-03-10T23:35:54.809690" elapsed="0.000357"/>
</kw>
<if>
<branch type="IF" condition="${is_empty}">
<break>
<status status="NOT RUN" start="2026-03-10T23:35:54.810202" elapsed="0.000041"/>
</break>
<status status="NOT RUN" start="2026-03-10T23:35:54.810114" elapsed="0.000162"/>
</branch>
<status status="PASS" start="2026-03-10T23:35:54.810100" elapsed="0.000204"/>
</if>
<kw name="Set Variable" owner="BuiltIn">
<msg time="2026-03-10T23:35:54.810888" level="INFO">${raw_val} = user_no_desc</msg>
<var>${raw_val}</var>
<arg>${current_row[${u_col}-1]}</arg>
<doc>Returns the given values which can then be assigned to a variables.</doc>
<status status="PASS" start="2026-03-10T23:35:54.810369" elapsed="0.000544"/>
</kw>
<kw name="Convert To String" owner="BuiltIn">
<msg time="2026-03-10T23:35:54.811234" level="INFO">${current_val} = user_no_desc</msg>
<var>${current_val}</var>
<arg>${raw_val}</arg>
<doc>Converts the given item to a Unicode string.</doc>
<status status="PASS" start="2026-03-10T23:35:54.810998" elapsed="0.000258"/>
</kw>
<kw name="Set Variable If" owner="BuiltIn">
<msg time="2026-03-10T23:35:54.811723" level="INFO">${current_val} = user_no_desc</msg>
<var>${current_val}</var>
<arg>'${current_val}' == 'None'</arg>
<arg>${EMPTY}</arg>
<arg>${current_val}</arg>
<doc>Sets variable based on the given condition.</doc>
<status status="PASS" start="2026-03-10T23:35:54.811342" elapsed="0.000407"/>
</kw>
<if>
<branch type="IF" condition="'${current_val.strip()}' == '${target_user.strip()}'">
<kw name="Write Excel Cell" owner="ExcelLibrary">
<arg>row_num=${row_idx}</arg>
<arg>col_num=${res_col}</arg>
<arg>value=${status}</arg>
<arg>sheet_name=Sheet1</arg>
<doc>Writes value to the cell.</doc>
<status status="NOT RUN" start="2026-03-10T23:35:54.812475" elapsed="0.000052"/>
</kw>
<status status="NOT RUN" start="2026-03-10T23:35:54.811820" elapsed="0.000753"/>
</branch>
<status status="PASS" start="2026-03-10T23:35:54.811806" elapsed="0.000798"/>
</if>
<kw name="Evaluate" owner="BuiltIn">
<msg time="2026-03-10T23:35:54.812928" level="INFO">${row_idx} = 5</msg>
<var>${row_idx}</var>
<arg>${row_idx} + 1</arg>
<doc>Evaluates the given expression in Python and returns the result.</doc>
<status status="PASS" start="2026-03-10T23:35:54.812668" elapsed="0.000285"/>
</kw>
<if>
<branch type="IF" condition="$row_idx &gt; 1000">
<break>
<status status="NOT RUN" start="2026-03-10T23:35:54.813165" elapsed="0.000045"/>
</break>
<status status="NOT RUN" start="2026-03-10T23:35:54.813018" elapsed="0.000227"/>
</branch>
<status status="PASS" start="2026-03-10T23:35:54.813004" elapsed="0.000270"/>
</if>
<status status="PASS" start="2026-03-10T23:35:54.808462" elapsed="0.004830"/>
</iter>
<iter>
<kw name="Read Excel Row" owner="ExcelLibrary">
<msg time="2026-03-10T23:35:54.813786" level="INFO">${current_row} = ['user_no_title', 'notitle@example.com', 'pass123', None, 'Missing Title Desc', 'Missing Title Body', 'tag4', None]</msg>
<var>${current_row}</var>
<arg>row_num=${row_idx}</arg>
<arg>sheet_name=Sheet1</arg>
<doc>Returns content of a row from the current sheet of the document.</doc>
<status status="PASS" start="2026-03-10T23:35:54.813563" elapsed="0.000248"/>
</kw>
<kw name="Get Length" owner="BuiltIn">
<msg time="2026-03-10T23:35:54.814111" level="INFO">Length is 8.</msg>
<msg time="2026-03-10T23:35:54.814167" level="INFO">${row_len} = 8</msg>
<var>${row_len}</var>
<arg>${current_row}</arg>
<doc>Returns and logs the length of the given item as an integer.</doc>
<status status="PASS" start="2026-03-10T23:35:54.813896" elapsed="0.000291"/>
</kw>
<if>
<branch type="IF" condition="${row_len} == 0">
<break>
<status status="NOT RUN" start="2026-03-10T23:35:54.814367" elapsed="0.000042"/>
</break>
<status status="NOT RUN" start="2026-03-10T23:35:54.814250" elapsed="0.000191"/>
</branch>
<status status="PASS" start="2026-03-10T23:35:54.814236" elapsed="0.000233"/>
</if>
<kw name="Evaluate" owner="BuiltIn">
<msg time="2026-03-10T23:35:54.814860" level="INFO">${is_empty} = False</msg>
<var>${is_empty}</var>
<arg>all(item is None for item in $current_row)</arg>
<doc>Evaluates the given expression in Python and returns the result.</doc>
<status status="PASS" start="2026-03-10T23:35:54.814534" elapsed="0.000351"/>
</kw>
<if>
<branch type="IF" condition="${is_empty}">
<break>
<status status="NOT RUN" start="2026-03-10T23:35:54.815042" elapsed="0.000041"/>
</break>
<status status="NOT RUN" start="2026-03-10T23:35:54.814954" elapsed="0.000160"/>
</branch>
<status status="PASS" start="2026-03-10T23:35:54.814939" elapsed="0.000223"/>
</if>
<kw name="Set Variable" owner="BuiltIn">
<msg time="2026-03-10T23:35:54.815818" level="INFO">${raw_val} = user_no_title</msg>
<var>${raw_val}</var>
<arg>${current_row[${u_col}-1]}</arg>
<doc>Returns the given values which can then be assigned to a variables.</doc>
<status status="PASS" start="2026-03-10T23:35:54.815231" elapsed="0.000618"/>
</kw>
<kw name="Convert To String" owner="BuiltIn">
<msg time="2026-03-10T23:35:54.816296" level="INFO">${current_val} = user_no_title</msg>
<var>${current_val}</var>
<arg>${raw_val}</arg>
<doc>Converts the given item to a Unicode string.</doc>
<status status="PASS" start="2026-03-10T23:35:54.815937" elapsed="0.000395"/>
</kw>
<kw name="Set Variable If" owner="BuiltIn">
<msg time="2026-03-10T23:35:54.816861" level="INFO">${current_val} = user_no_title</msg>
<var>${current_val}</var>
<arg>'${current_val}' == 'None'</arg>
<arg>${EMPTY}</arg>
<arg>${current_val}</arg>
<doc>Sets variable based on the given condition.</doc>
<status status="PASS" start="2026-03-10T23:35:54.816463" elapsed="0.000430"/>
</kw>
<if>
<branch type="IF" condition="'${current_val.strip()}' == '${target_user.strip()}'">
<kw name="Write Excel Cell" owner="ExcelLibrary">
<arg>row_num=${row_idx}</arg>
<arg>col_num=${res_col}</arg>
<arg>value=${status}</arg>
<arg>sheet_name=Sheet1</arg>
<doc>Writes value to the cell.</doc>
<status status="NOT RUN" start="2026-03-10T23:35:54.817673" elapsed="0.000081"/>
</kw>
<status status="NOT RUN" start="2026-03-10T23:35:54.816983" elapsed="0.000844"/>
</branch>
<status status="PASS" start="2026-03-10T23:35:54.816964" elapsed="0.000899"/>
</if>
<kw name="Evaluate" owner="BuiltIn">
<msg time="2026-03-10T23:35:54.818222" level="INFO">${row_idx} = 6</msg>
<var>${row_idx}</var>
<arg>${row_idx} + 1</arg>
<doc>Evaluates the given expression in Python and returns the result.</doc>
<status status="PASS" start="2026-03-10T23:35:54.817935" elapsed="0.000312"/>
</kw>
<if>
<branch type="IF" condition="$row_idx &gt; 1000">
<break>
<status status="NOT RUN" start="2026-03-10T23:35:54.818440" elapsed="0.000043"/>
</break>
<status status="NOT RUN" start="2026-03-10T23:35:54.818314" elapsed="0.000202"/>
</branch>
<status status="PASS" start="2026-03-10T23:35:54.818300" elapsed="0.000244"/>
</if>
<status status="PASS" start="2026-03-10T23:35:54.813319" elapsed="0.005244"/>
</iter>
<iter>
<kw name="Read Excel Row" owner="ExcelLibrary">
<msg time="2026-03-10T23:35:54.819100" level="INFO">${current_row} = ['user_no_body', 'nobody@example.com', 'pass123', 'Missing Body Title', 'Missing Body Desc', None, 'tag5', None]</msg>
<var>${current_row}</var>
<arg>row_num=${row_idx}</arg>
<arg>sheet_name=Sheet1</arg>
<doc>Returns content of a row from the current sheet of the document.</doc>
<status status="PASS" start="2026-03-10T23:35:54.818888" elapsed="0.000237"/>
</kw>
<kw name="Get Length" owner="BuiltIn">
<msg time="2026-03-10T23:35:54.819430" level="INFO">Length is 8.</msg>
<msg time="2026-03-10T23:35:54.819487" level="INFO">${row_len} = 8</msg>
<var>${row_len}</var>
<arg>${current_row}</arg>
<doc>Returns and logs the length of the given item as an integer.</doc>
<status status="PASS" start="2026-03-10T23:35:54.819214" elapsed="0.000293"/>
</kw>
<if>
<branch type="IF" condition="${row_len} == 0">
<break>
<status status="NOT RUN" start="2026-03-10T23:35:54.819697" elapsed="0.000045"/>
</break>
<status status="NOT RUN" start="2026-03-10T23:35:54.819570" elapsed="0.000206"/>
</branch>
<status status="PASS" start="2026-03-10T23:35:54.819556" elapsed="0.000250"/>
</if>
<kw name="Evaluate" owner="BuiltIn">
<msg time="2026-03-10T23:35:54.820312" level="INFO">${is_empty} = False</msg>
<var>${is_empty}</var>
<arg>all(item is None for item in $current_row)</arg>
<doc>Evaluates the given expression in Python and returns the result.</doc>
<status status="PASS" start="2026-03-10T23:35:54.819871" elapsed="0.000467"/>
</kw>
<if>
<branch type="IF" condition="${is_empty}">
<break>
<status status="NOT RUN" start="2026-03-10T23:35:54.820498" elapsed="0.000042"/>
</break>
<status status="NOT RUN" start="2026-03-10T23:35:54.820406" elapsed="0.000166"/>
</branch>
<status status="PASS" start="2026-03-10T23:35:54.820392" elapsed="0.000208"/>
</if>
<kw name="Set Variable" owner="BuiltIn">
<msg time="2026-03-10T23:35:54.821204" level="INFO">${raw_val} = user_no_body</msg>
<var>${raw_val}</var>
<arg>${current_row[${u_col}-1]}</arg>
<doc>Returns the given values which can then be assigned to a variables.</doc>
<status status="PASS" start="2026-03-10T23:35:54.820667" elapsed="0.000563"/>
</kw>
<kw name="Convert To String" owner="BuiltIn">
<msg time="2026-03-10T23:35:54.821556" level="INFO">${current_val} = user_no_body</msg>
<var>${current_val}</var>
<arg>${raw_val}</arg>
<doc>Converts the given item to a Unicode string.</doc>
<status status="PASS" start="2026-03-10T23:35:54.821317" elapsed="0.000262"/>
</kw>
<kw name="Set Variable If" owner="BuiltIn">
<msg time="2026-03-10T23:35:54.821947" level="INFO">${current_val} = user_no_body</msg>
<var>${current_val}</var>
<arg>'${current_val}' == 'None'</arg>
<arg>${EMPTY}</arg>
<arg>${current_val}</arg>
<doc>Sets variable based on the given condition.</doc>
<status status="PASS" start="2026-03-10T23:35:54.821667" elapsed="0.000303"/>
</kw>
<if>
<branch type="IF" condition="'${current_val.strip()}' == '${target_user.strip()}'">
<kw name="Write Excel Cell" owner="ExcelLibrary">
<arg>row_num=${row_idx}</arg>
<arg>col_num=${res_col}</arg>
<arg>value=${status}</arg>
<arg>sheet_name=Sheet1</arg>
<doc>Writes value to the cell.</doc>
<status status="NOT RUN" start="2026-03-10T23:35:54.822662" elapsed="0.000062"/>
</kw>
<status status="NOT RUN" start="2026-03-10T23:35:54.822039" elapsed="0.000733"/>
</branch>
<status status="PASS" start="2026-03-10T23:35:54.822025" elapsed="0.000780"/>
</if>
<kw name="Evaluate" owner="BuiltIn">
<msg time="2026-03-10T23:35:54.823157" level="INFO">${row_idx} = 7</msg>
<var>${row_idx}</var>
<arg>${row_idx} + 1</arg>
<doc>Evaluates the given expression in Python and returns the result.</doc>
<status status="PASS" start="2026-03-10T23:35:54.822873" elapsed="0.000310"/>
</kw>
<if>
<branch type="IF" condition="$row_idx &gt; 1000">
<break>
<status status="NOT RUN" start="2026-03-10T23:35:54.823370" elapsed="0.000042"/>
</break>
<status status="NOT RUN" start="2026-03-10T23:35:54.823246" elapsed="0.000199"/>
</branch>
<status status="PASS" start="2026-03-10T23:35:54.823233" elapsed="0.000240"/>
</if>
<status status="PASS" start="2026-03-10T23:35:54.818588" elapsed="0.004904"/>
</iter>
<iter>
<kw name="Read Excel Row" owner="ExcelLibrary">
<msg time="2026-03-10T23:35:54.824019" level="INFO">${current_row} = ['user_special', 'special@example.com', 'pass123', 'Title: @#$%^&amp;*()!', 'Desc: 🚀 emojis', '# Markdown Header\n\n- list item', 'tag_!@#', None]</msg>
<var>${current_row}</var>
<arg>row_num=${row_idx}</arg>
<arg>sheet_name=Sheet1</arg>
<doc>Returns content of a row from the current sheet of the document.</doc>
<status status="PASS" start="2026-03-10T23:35:54.823784" elapsed="0.000268"/>
</kw>
<kw name="Get Length" owner="BuiltIn">
<msg time="2026-03-10T23:35:54.824512" level="INFO">Length is 8.</msg>
<msg time="2026-03-10T23:35:54.824571" level="INFO">${row_len} = 8</msg>
<var>${row_len}</var>
<arg>${current_row}</arg>
<doc>Returns and logs the length of the given item as an integer.</doc>
<status status="PASS" start="2026-03-10T23:35:54.824275" elapsed="0.000316"/>
</kw>
<if>
<branch type="IF" condition="${row_len} == 0">
<break>
<status status="NOT RUN" start="2026-03-10T23:35:54.824777" elapsed="0.000041"/>
</break>
<status status="NOT RUN" start="2026-03-10T23:35:54.824655" elapsed="0.000197"/>
</branch>
<status status="PASS" start="2026-03-10T23:35:54.824640" elapsed="0.000242"/>
</if>
<kw name="Evaluate" owner="BuiltIn">
<msg time="2026-03-10T23:35:54.825286" level="INFO">${is_empty} = False</msg>
<var>${is_empty}</var>
<arg>all(item is None for item in $current_row)</arg>
<doc>Evaluates the given expression in Python and returns the result.</doc>
<status status="PASS" start="2026-03-10T23:35:54.824950" elapsed="0.000361"/>
</kw>
<if>
<branch type="IF" condition="${is_empty}">
<break>
<status status="NOT RUN" start="2026-03-10T23:35:54.825467" elapsed="0.000040"/>
</break>
<status status="NOT RUN" start="2026-03-10T23:35:54.825377" elapsed="0.000163"/>
</branch>
<status status="PASS" start="2026-03-10T23:35:54.825363" elapsed="0.000205"/>
</if>
<kw name="Set Variable" owner="BuiltIn">
<msg time="2026-03-10T23:35:54.826174" level="INFO">${raw_val} = user_special</msg>
<var>${raw_val}</var>
<arg>${current_row[${u_col}-1]}</arg>
<doc>Returns the given values which can then be assigned to a variables.</doc>
<status status="PASS" start="2026-03-10T23:35:54.825635" elapsed="0.000563"/>
</kw>
<kw name="Convert To String" owner="BuiltIn">
<msg time="2026-03-10T23:35:54.826534" level="INFO">${current_val} = user_special</msg>
<var>${current_val}</var>
<arg>${raw_val}</arg>
<doc>Converts the given item to a Unicode string.</doc>
<status status="PASS" start="2026-03-10T23:35:54.826298" elapsed="0.000258"/>
</kw>
<kw name="Set Variable If" owner="BuiltIn">
<msg time="2026-03-10T23:35:54.826922" level="INFO">${current_val} = user_special</msg>
<var>${current_val}</var>
<arg>'${current_val}' == 'None'</arg>
<arg>${EMPTY}</arg>
<arg>${current_val}</arg>
<doc>Sets variable based on the given condition.</doc>
<status status="PASS" start="2026-03-10T23:35:54.826647" elapsed="0.000298"/>
</kw>
<if>
<branch type="IF" condition="'${current_val.strip()}' == '${target_user.strip()}'">
<kw name="Write Excel Cell" owner="ExcelLibrary">
<arg>row_num=${row_idx}</arg>
<arg>col_num=${res_col}</arg>
<arg>value=${status}</arg>
<arg>sheet_name=Sheet1</arg>
<doc>Writes value to the cell.</doc>
<status status="NOT RUN" start="2026-03-10T23:35:54.827711" elapsed="0.000057"/>
</kw>
<status status="NOT RUN" start="2026-03-10T23:35:54.827059" elapsed="0.000756"/>
</branch>
<status status="PASS" start="2026-03-10T23:35:54.827044" elapsed="0.000803"/>
</if>
<kw name="Evaluate" owner="BuiltIn">
<msg time="2026-03-10T23:35:54.828173" level="INFO">${row_idx} = 8</msg>
<var>${row_idx}</var>
<arg>${row_idx} + 1</arg>
<doc>Evaluates the given expression in Python and returns the result.</doc>
<status status="PASS" start="2026-03-10T23:35:54.827912" elapsed="0.000285"/>
</kw>
<if>
<branch type="IF" condition="$row_idx &gt; 1000">
<break>
<status status="NOT RUN" start="2026-03-10T23:35:54.828484" elapsed="0.000041"/>
</break>
<status status="NOT RUN" start="2026-03-10T23:35:54.828357" elapsed="0.000201"/>
</branch>
<status status="PASS" start="2026-03-10T23:35:54.828340" elapsed="0.000247"/>
</if>
<status status="PASS" start="2026-03-10T23:35:54.823519" elapsed="0.005087"/>
</iter>
<iter>
<kw name="Read Excel Row" owner="ExcelLibrary">
<msg time="2026-03-10T23:35:54.829092" level="INFO">${current_row} = ['user_all_empty', 'allempty@example.com', 'pass123', None, None, None, None, None]</msg>
<var>${current_row}</var>
<arg>row_num=${row_idx}</arg>
<arg>sheet_name=Sheet1</arg>
<doc>Returns content of a row from the current sheet of the document.</doc>
<status status="PASS" start="2026-03-10T23:35:54.828887" elapsed="0.000230"/>
</kw>
<kw name="Get Length" owner="BuiltIn">
<msg time="2026-03-10T23:35:54.829435" level="INFO">Length is 8.</msg>
<msg time="2026-03-10T23:35:54.829492" level="INFO">${row_len} = 8</msg>
<var>${row_len}</var>
<arg>${current_row}</arg>
<doc>Returns and logs the length of the given item as an integer.</doc>
<status status="PASS" start="2026-03-10T23:35:54.829202" elapsed="0.000310"/>
</kw>
<if>
<branch type="IF" condition="${row_len} == 0">
<break>
<status status="NOT RUN" start="2026-03-10T23:35:54.829693" elapsed="0.000043"/>
</break>
<status status="NOT RUN" start="2026-03-10T23:35:54.829575" elapsed="0.000195"/>
</branch>
<status status="PASS" start="2026-03-10T23:35:54.829561" elapsed="0.000236"/>
</if>
<kw name="Evaluate" owner="BuiltIn">
<msg time="2026-03-10T23:35:54.830187" level="INFO">${is_empty} = False</msg>
<var>${is_empty}</var>
<arg>all(item is None for item in $current_row)</arg>
<doc>Evaluates the given expression in Python and returns the result.</doc>
<status status="PASS" start="2026-03-10T23:35:54.829863" elapsed="0.000349"/>
</kw>
<if>
<branch type="IF" condition="${is_empty}">
<break>
<status status="NOT RUN" start="2026-03-10T23:35:54.830406" elapsed="0.000042"/>
</break>
<status status="NOT RUN" start="2026-03-10T23:35:54.830311" elapsed="0.000170"/>
</branch>
<status status="PASS" start="2026-03-10T23:35:54.830294" elapsed="0.000214"/>
</if>
<kw name="Set Variable" owner="BuiltIn">
<msg time="2026-03-10T23:35:54.831065" level="INFO">${raw_val} = user_all_empty</msg>
<var>${raw_val}</var>
<arg>${current_row[${u_col}-1]}</arg>
<doc>Returns the given values which can then be assigned to a variables.</doc>
<status status="PASS" start="2026-03-10T23:35:54.830574" elapsed="0.000515"/>
</kw>
<kw name="Convert To String" owner="BuiltIn">
<msg time="2026-03-10T23:35:54.831406" level="INFO">${current_val} = user_all_empty</msg>
<var>${current_val}</var>
<arg>${raw_val}</arg>
<doc>Converts the given item to a Unicode string.</doc>
<status status="PASS" start="2026-03-10T23:35:54.831174" elapsed="0.000255"/>
</kw>
<kw name="Set Variable If" owner="BuiltIn">
<msg time="2026-03-10T23:35:54.831848" level="INFO">${current_val} = user_all_empty</msg>
<var>${current_val}</var>
<arg>'${current_val}' == 'None'</arg>
<arg>${EMPTY}</arg>
<arg>${current_val}</arg>
<doc>Sets variable based on the given condition.</doc>
<status status="PASS" start="2026-03-10T23:35:54.831514" elapsed="0.000359"/>
</kw>
<if>
<branch type="IF" condition="'${current_val.strip()}' == '${target_user.strip()}'">
<kw name="Write Excel Cell" owner="ExcelLibrary">
<arg>row_num=${row_idx}</arg>
<arg>col_num=${res_col}</arg>
<arg>value=${status}</arg>
<arg>sheet_name=Sheet1</arg>
<doc>Writes value to the cell.</doc>
<status status="NOT RUN" start="2026-03-10T23:35:54.832689" elapsed="0.000051"/>
</kw>
<status status="NOT RUN" start="2026-03-10T23:35:54.831941" elapsed="0.000844"/>
</branch>
<status status="PASS" start="2026-03-10T23:35:54.831927" elapsed="0.000889"/>
</if>
<kw name="Evaluate" owner="BuiltIn">
<msg time="2026-03-10T23:35:54.833179" level="INFO">${row_idx} = 9</msg>
<var>${row_idx}</var>
<arg>${row_idx} + 1</arg>
<doc>Evaluates the given expression in Python and returns the result.</doc>
<status status="PASS" start="2026-03-10T23:35:54.832891" elapsed="0.000314"/>
</kw>
<if>
<branch type="IF" condition="$row_idx &gt; 1000">
<break>
<status status="NOT RUN" start="2026-03-10T23:35:54.833417" elapsed="0.000043"/>
</break>
<status status="NOT RUN" start="2026-03-10T23:35:54.833269" elapsed="0.000225"/>
</branch>
<status status="PASS" start="2026-03-10T23:35:54.833255" elapsed="0.000268"/>
</if>
<status status="PASS" start="2026-03-10T23:35:54.828630" elapsed="0.004912"/>
</iter>
<iter>
<kw name="Read Excel Row" owner="ExcelLibrary">
<msg time="2026-03-10T23:35:54.834017" level="INFO">${current_row} = [None, None, None, None, None, None, None, None]</msg>
<var>${current_row}</var>
<arg>row_num=${row_idx}</arg>
<arg>sheet_name=Sheet1</arg>
<doc>Returns content of a row from the current sheet of the document.</doc>
<status status="PASS" start="2026-03-10T23:35:54.833816" elapsed="0.000224"/>
</kw>
<kw name="Get Length" owner="BuiltIn">
<msg time="2026-03-10T23:35:54.834353" level="INFO">Length is 8.</msg>
<msg time="2026-03-10T23:35:54.834415" level="INFO">${row_len} = 8</msg>
<var>${row_len}</var>
<arg>${current_row}</arg>
<doc>Returns and logs the length of the given item as an integer.</doc>
<status status="PASS" start="2026-03-10T23:35:54.834124" elapsed="0.000312"/>
</kw>
<if>
<branch type="IF" condition="${row_len} == 0">
<break>
<status status="NOT RUN" start="2026-03-10T23:35:54.834627" elapsed="0.000040"/>
</break>
<status status="NOT RUN" start="2026-03-10T23:35:54.834502" elapsed="0.000200"/>
</branch>
<status status="PASS" start="2026-03-10T23:35:54.834486" elapsed="0.000244"/>
</if>
<kw name="Evaluate" owner="BuiltIn">
<msg time="2026-03-10T23:35:54.835140" level="INFO">${is_empty} = True</msg>
<var>${is_empty}</var>
<arg>all(item is None for item in $current_row)</arg>
<doc>Evaluates the given expression in Python and returns the result.</doc>
<status status="PASS" start="2026-03-10T23:35:54.834799" elapsed="0.000366"/>
</kw>
<if>
<branch type="IF" condition="${is_empty}">
<break>
<status status="PASS" start="2026-03-10T23:35:54.835324" elapsed="0.000061"/>
</break>
<status status="PASS" start="2026-03-10T23:35:54.835234" elapsed="0.000189"/>
</branch>
<status status="PASS" start="2026-03-10T23:35:54.835219" elapsed="0.000235"/>
</if>
<kw name="Set Variable" owner="BuiltIn">
<var>${raw_val}</var>
<arg>${current_row[${u_col}-1]}</arg>
<doc>Returns the given values which can then be assigned to a variables.</doc>
<status status="NOT RUN" start="2026-03-10T23:35:54.835527" elapsed="0.000049"/>
</kw>
<kw name="Convert To String" owner="BuiltIn">
<var>${current_val}</var>
<arg>${raw_val}</arg>
<doc>Converts the given item to a Unicode string.</doc>
<status status="NOT RUN" start="2026-03-10T23:35:54.835658" elapsed="0.000045"/>
</kw>
<kw name="Set Variable If" owner="BuiltIn">
<var>${current_val}</var>
<arg>'${current_val}' == 'None'</arg>
<arg>${EMPTY}</arg>
<arg>${current_val}</arg>
<doc>Sets variable based on the given condition.</doc>
<status status="NOT RUN" start="2026-03-10T23:35:54.835793" elapsed="0.000081"/>
</kw>
<if>
<branch type="IF" condition="'${current_val.strip()}' == '${target_user.strip()}'">
<kw name="Write Excel Cell" owner="ExcelLibrary">
<arg>row_num=${row_idx}</arg>
<arg>col_num=${res_col}</arg>
<arg>value=${status}</arg>
<arg>sheet_name=Sheet1</arg>
<doc>Writes value to the cell.</doc>
<status status="NOT RUN" start="2026-03-10T23:35:54.836037" elapsed="0.000045"/>
</kw>
<status status="NOT RUN" start="2026-03-10T23:35:54.835943" elapsed="0.000180"/>
</branch>
<status status="NOT RUN" start="2026-03-10T23:35:54.835930" elapsed="0.000222"/>
</if>
<kw name="Evaluate" owner="BuiltIn">
<var>${row_idx}</var>
<arg>${row_idx} + 1</arg>
<doc>Evaluates the given expression in Python and returns the result.</doc>
<status status="NOT RUN" start="2026-03-10T23:35:54.836211" elapsed="0.000045"/>
</kw>
<if>
<branch type="IF" condition="$row_idx &gt; 1000">
<break>
<status status="NOT RUN" start="2026-03-10T23:35:54.836369" elapsed="0.000037"/>
</break>
<status status="NOT RUN" start="2026-03-10T23:35:54.836315" elapsed="0.000121"/>
</branch>
<status status="NOT RUN" start="2026-03-10T23:35:54.836303" elapsed="0.000160"/>
</if>
<status status="PASS" start="2026-03-10T23:35:54.833567" elapsed="0.002915"/>
</iter>
<status status="PASS" start="2026-03-10T23:35:54.781657" elapsed="0.054854"/>
</while>
<kw name="Save Excel Document" owner="ExcelLibrary">
<arg>${excel_path}</arg>
<doc>Saves the current document to disk.</doc>
<status status="PASS" start="2026-03-10T23:35:54.836696" elapsed="0.014754"/>
</kw>
<kw name="Close Current Excel Document" owner="ExcelLibrary">
<doc>Closes current document.</doc>
<status status="PASS" start="2026-03-10T23:35:54.851655" elapsed="0.000162"/>
</kw>
<arg>${CURRENT_TEST_USER}</arg>
<arg>PASS</arg>
<arg>testdata_article.xlsx</arg>
<status status="PASS" start="2026-03-10T23:35:54.759432" elapsed="0.092452"/>
</kw>
<arg>Log Result To Excel</arg>
<arg>${CURRENT_TEST_USER}</arg>
<arg>PASS</arg>
<arg>testdata_article.xlsx</arg>
<doc>Runs the given keyword with the given arguments, if the test passed.</doc>
<status status="PASS" start="2026-03-10T23:35:54.758850" elapsed="0.093095"/>
</kw>
<kw name="Run Keyword If Test Failed" owner="BuiltIn">
<arg>Log Result To Excel</arg>
<arg>${CURRENT_TEST_USER}</arg>
<arg>FAIL</arg>
<arg>testdata_article.xlsx</arg>
<doc>Runs the given keyword with the given arguments, if the test failed.</doc>
<status status="PASS" start="2026-03-10T23:35:54.852051" elapsed="0.000280"/>
</kw>
<kw name="Logout" owner="Keyword">
<kw name="Get Page Ids" owner="Browser">
<msg time="2026-03-10T23:35:54.855971" level="INFO">${pages} = ['page=420f3cce-1916-4d3c-9cbf-a6c7c00bfb60']</msg>
<var>${pages}</var>
<tag>Assertion</tag>
<tag>BrowserControl</tag>
<tag>Getter</tag>
<doc>Returns a list of page ids based on the context and browser selection.
See `Browser, Context and Page` for more information about Page and related concepts.</doc>
<status status="PASS" start="2026-03-10T23:35:54.852837" elapsed="0.003172"/>
</kw>
<kw name="Get Length" owner="BuiltIn">
<msg time="2026-03-10T23:35:54.856442" level="INFO">Length is 1.</msg>
<msg time="2026-03-10T23:35:54.856512" level="INFO">${count} = 1</msg>
<var>${count}</var>
<arg>${pages}</arg>
<doc>Returns and logs the length of the given item as an integer.</doc>
<status status="PASS" start="2026-03-10T23:35:54.856142" elapsed="0.000392"/>
</kw>
<if>
<branch type="IF" condition="$count == 0">
<kw name="Log" owner="BuiltIn">
<arg>No active pages found. Re-opening for cleanup...</arg>
<doc>Logs the given message with the given level.</doc>
<status status="NOT RUN" start="2026-03-10T23:35:54.856826" elapsed="0.000051"/>
</kw>
<kw name="Go To" owner="Browser">
<arg>${url}</arg>
<tag>BrowserControl</tag>
<tag>Setter</tag>
<doc>Navigates to the given ``url``.</doc>
<status status="NOT RUN" start="2026-03-10T23:35:54.856972" elapsed="0.000048"/>
</kw>
<status status="NOT RUN" start="2026-03-10T23:35:54.856620" elapsed="0.000442"/>
</branch>
<status status="PASS" start="2026-03-10T23:35:54.856596" elapsed="0.000500"/>
</if>
<kw name="LocalStorage Clear" owner="Browser">
<msg time="2026-03-10T23:35:54.860154" level="INFO">JavaScript executed successfully.</msg>
<tag>PageContent</tag>
<tag>Setter</tag>
<doc>Remove all saved data from the local storage.</doc>
<status status="PASS" start="2026-03-10T23:35:54.857163" elapsed="0.003066"/>
</kw>
<kw name="SessionStorage Clear" owner="Browser">
<msg time="2026-03-10T23:35:54.862742" level="INFO">JavaScript executed successfully.</msg>
<tag>PageContent</tag>
<tag>Setter</tag>
<doc>Remove all saved data from the session storage.</doc>
<status status="PASS" start="2026-03-10T23:35:54.860347" elapsed="0.002507"/>
</kw>
<kw name="Sleep" owner="BuiltIn">
<msg time="2026-03-10T23:35:55.863666" level="INFO">Slept 1 second.</msg>
<arg>1s</arg>
<doc>Pauses the test executed for the given time.</doc>
<status status="PASS" start="2026-03-10T23:35:54.863055" elapsed="1.000764"/>
</kw>
<kw name="Get Element Count" owner="Browser">
<msg time="2026-03-10T23:35:55.868263" level="INFO">${is_visible} = 0</msg>
<var>${is_visible}</var>
<arg>selector=a:has-text("Log out")</arg>
<tag>Assertion</tag>
<tag>Getter</tag>
<tag>PageContent</tag>
<doc>Returns the count of elements found with ``selector``.</doc>
<status status="PASS" start="2026-03-10T23:35:55.864072" elapsed="0.004238"/>
</kw>
<if>
<branch type="IF" condition="$is_visible &gt; 0">
<kw name="Click" owner="Browser">
<arg>selector=a:has-text("Log out")</arg>
<tag>PageContent</tag>
<tag>Setter</tag>
<doc>Simulates mouse click on the element found by ``selector``.</doc>
<status status="NOT RUN" start="2026-03-10T23:35:55.868736" elapsed="0.000066"/>
</kw>
<kw name="Sleep" owner="BuiltIn">
<arg>1s</arg>
<doc>Pauses the test executed for the given time.</doc>
<status status="NOT RUN" start="2026-03-10T23:35:55.868901" elapsed="0.000053"/>
</kw>
<status status="NOT RUN" start="2026-03-10T23:35:55.868438" elapsed="0.000563"/>
</branch>
<status status="PASS" start="2026-03-10T23:35:55.868408" elapsed="0.000628"/>
</if>
<kw name="Go To" owner="Browser">
<msg time="2026-03-10T23:35:56.215935" level="INFO">Successfully opened URL https://demo.realworld.show/</msg>
<arg>${url}</arg>
<tag>BrowserControl</tag>
<tag>Setter</tag>
<doc>Navigates to the given ``url``.</doc>
<status status="PASS" start="2026-03-10T23:35:55.869112" elapsed="0.347141"/>
</kw>
<status status="PASS" start="2026-03-10T23:35:54.852557" elapsed="1.363891"/>
</kw>
<status status="PASS" start="2026-03-10T23:35:54.758600" elapsed="1.457937"/>
</kw>
<status status="PASS" start="2026-03-10T23:35:47.387818" elapsed="8.828808"/>
</test>
<test id="s1-t2" name="Create New Article Successfully With user_no_tags" line="13">
<kw name="Create New Article From Excel">
<kw name="Set Suite Variable" owner="BuiltIn">
<msg time="2026-03-10T23:35:56.233413" level="INFO">${CURRENT_TEST_USER} = user_no_tags</msg>
<arg>${CURRENT_TEST_USER}</arg>
<arg>${username}</arg>
<doc>Makes a variable available everywhere within the scope of the current suite.</doc>
<status status="PASS" start="2026-03-10T23:35:56.232886" elapsed="0.000596"/>
</kw>
<kw name="Sign Up" owner="Keyword">
<kw name="Click" owner="Browser">
<msg time="2026-03-10T23:35:56.234603" level="INFO">Clicks the element 'a:has-text("Sign Up")'.</msg>
<arg>selector=a:has-text("Sign Up")</arg>
<tag>PageContent</tag>
<tag>Setter</tag>
<doc>Simulates mouse click on the element found by ``selector``.</doc>
<status status="PASS" start="2026-03-10T23:35:56.234222" elapsed="0.036768"/>
</kw>
<kw name="Fill Text" owner="Browser">
<msg time="2026-03-10T23:35:56.272020" level="INFO">Fills the text 'user_no_tags' in the given field.</msg>
<arg>selector=input[placeholder="Username"]</arg>
<arg>txt=${username}</arg>
<tag>PageContent</tag>
<tag>Setter</tag>
<doc>Clears and fills the given ``txt`` into the text field found by ``selector``.</doc>
<status status="PASS" start="2026-03-10T23:35:56.271219" elapsed="0.009019"/>
</kw>
<kw name="Fill Text" owner="Browser">
<msg time="2026-03-10T23:35:56.281132" level="INFO">Fills the text 'notags@example.com' in the given field.</msg>
<arg>selector=input[placeholder="Email"]</arg>
<arg>txt=${email}</arg>
<tag>PageContent</tag>
<tag>Setter</tag>
<doc>Clears and fills the given ``txt`` into the text field found by ``selector``.</doc>
<status status="PASS" start="2026-03-10T23:35:56.280562" elapsed="0.007854"/>
</kw>
<kw name="Fill Text" owner="Browser">
<msg time="2026-03-10T23:35:56.289134" level="INFO">Fills the text 'pass123' in the given field.</msg>
<arg>selector=input[placeholder="Password"]</arg>
<arg>txt=${password}</arg>
<tag>PageContent</tag>
<tag>Setter</tag>
<doc>Clears and fills the given ``txt`` into the text field found by ``selector``.</doc>
<status status="PASS" start="2026-03-10T23:35:56.288617" elapsed="0.009120"/>
</kw>
<kw name="Get Element States" owner="Browser">
<msg time="2026-03-10T23:35:56.323164" level="INFO">States are: ['attached', 'visible', 'enabled', 'defocused']</msg>
<msg time="2026-03-10T23:35:56.323326" level="INFO">${state} = ['attached', 'visible', 'enabled', 'defocused']</msg>
<var>${state}</var>
<arg>selector=button:has-text("Sign up")</arg>
<tag>Assertion</tag>
<tag>Getter</tag>
<tag>PageContent</tag>
<doc>Get the active states from the element found by ``selector``.</doc>
<status status="PASS" start="2026-03-10T23:35:56.297975" elapsed="0.025378"/>
</kw>
<if>
<branch type="IF" condition="'enabled' in $state">
<kw name="Click" owner="Browser">
<msg time="2026-03-10T23:35:56.324261" level="INFO">Clicks the element 'button:has-text("Sign up")'.</msg>
<arg>selector=button:has-text("Sign up")</arg>
<tag>PageContent</tag>
<tag>Setter</tag>
<doc>Simulates mouse click on the element found by ``selector``.</doc>
<status status="PASS" start="2026-03-10T23:35:56.323834" elapsed="0.022271"/>
</kw>
<kw name="Wait For Elements State" owner="Browser">
<msg time="2026-03-10T23:35:56.655055" level="INFO">Waited for Element with selector a:has-text("Settings") at state visible</msg>
<arg>selector=a:has-text("Settings")</arg>
<arg>state=visible</arg>
<arg>timeout=5s</arg>
<tag>PageContent</tag>
<tag>Wait</tag>
<doc>Waits for the element found by ``selector`` to satisfy state option.</doc>
<status status="PASS" start="2026-03-10T23:35:56.346426" elapsed="0.308789"/>
</kw>
<status status="PASS" start="2026-03-10T23:35:56.323492" elapsed="0.331806"/>
</branch>
<branch type="ELSE">
<kw name="Fail" owner="BuiltIn">
<arg>Registration failed: 'Sign up' button is disabled due to missing or invalid data.</arg>
<doc>Fails the test with the given message and optionally alters its tags.</doc>
<status status="NOT RUN" start="2026-03-10T23:35:56.655543" elapsed="0.000057"/>
</kw>
<status status="NOT RUN" start="2026-03-10T23:35:56.655344" elapsed="0.000299"/>
</branch>
<status status="PASS" start="2026-03-10T23:35:56.323463" elapsed="0.332209"/>
</if>
<kw name="Sleep" owner="BuiltIn">
<msg time="2026-03-10T23:35:58.656137" level="INFO">Slept 2 seconds.</msg>
<arg>2s</arg>
<doc>Pauses the test executed for the given time.</doc>
<status status="PASS" start="2026-03-10T23:35:56.655741" elapsed="2.000516"/>
</kw>
<arg>${username}</arg>
<arg>${email}</arg>
<arg>${password}</arg>
<status status="PASS" start="2026-03-10T23:35:56.233788" elapsed="2.422583"/>
</kw>
<kw name="Create Article" owner="Keyword">
<kw name="Click" owner="Browser">
<msg time="2026-03-10T23:35:58.657680" level="INFO">Clicks the element 'a:has-text("New Article")'.</msg>
<arg>selector=a:has-text("New Article")</arg>
<tag>PageContent</tag>
<tag>Setter</tag>
<doc>Simulates mouse click on the element found by ``selector``.</doc>
<status status="PASS" start="2026-03-10T23:35:58.657176" elapsed="0.026019"/>
</kw>
<kw name="Fill Text" owner="Browser">
<msg time="2026-03-10T23:35:58.684307" level="INFO">Fills the text 'No Tags Title' in the given field.</msg>
<arg>selector=input[placeholder="Article Title"]</arg>
<arg>txt=${title}</arg>
<tag>PageContent</tag>
<tag>Setter</tag>
<doc>Clears and fills the given ``txt`` into the text field found by ``selector``.</doc>
<status status="PASS" start="2026-03-10T23:35:58.683507" elapsed="0.007734"/>
</kw>
<kw name="Fill Text" owner="Browser">
<msg time="2026-03-10T23:35:58.692181" level="INFO">Fills the text 'No Tags Description' in the given field.</msg>
<arg>selector=input[placeholder="What's this article about?"]</arg>
<arg>txt=${description}</arg>
<tag>PageContent</tag>
<tag>Setter</tag>
<doc>Clears and fills the given ``txt`` into the text field found by ``selector``.</doc>
<status status="PASS" start="2026-03-10T23:35:58.691464" elapsed="0.008259"/>
</kw>
<kw name="Clear Text" owner="Browser">
<arg>selector=textarea[name="body"]</arg>
<tag>PageContent</tag>
<tag>Setter</tag>
<doc>Clears the text field found by ``selector``.</doc>
<status status="PASS" start="2026-03-10T23:35:58.700038" elapsed="0.008216"/>
</kw>
<kw name="Type Text" owner="Browser">
<msg time="2026-03-10T23:35:58.709134" level="INFO">Types the text 'No Tags Body' in the given field.</msg>
<arg>selector=textarea[name="body"]</arg>
<arg>txt=${body}</arg>
<arg>delay=10ms</arg>
<tag>PageContent</tag>
<tag>Setter</tag>
<doc>Types the given ``txt`` into the text field found by ``selector``.</doc>
<status status="PASS" start="2026-03-10T23:35:58.708547" elapsed="0.204215"/>
</kw>
<kw name="Fill Text" owner="Browser">
<msg time="2026-03-10T23:35:58.913479" level="INFO">Fills the text '' in the given field.</msg>
<arg>selector=input[placeholder="Enter tags"]</arg>
<arg>txt=${tags}</arg>
<tag>PageContent</tag>
<tag>Setter</tag>
<doc>Clears and fills the given ``txt`` into the text field found by ``selector``.</doc>
<status status="PASS" start="2026-03-10T23:35:58.912978" elapsed="0.007352"/>
</kw>
<kw name="Get Element States" owner="Browser">
<msg time="2026-03-10T23:35:58.937405" level="INFO">States are: ['attached', 'visible', 'enabled', 'defocused']</msg>
<msg time="2026-03-10T23:35:58.937612" level="INFO">${btn_state} = ['attached', 'visible', 'enabled', 'defocused']</msg>
<var>${btn_state}</var>
<arg>selector=button:has-text("Publish Article")</arg>
<tag>Assertion</tag>
<tag>Getter</tag>
<tag>PageContent</tag>
<doc>Get the active states from the element found by ``selector``.</doc>
<status status="PASS" start="2026-03-10T23:35:58.920613" elapsed="0.017047"/>
</kw>
<if>
<branch type="IF" condition="'enabled' in $btn_state">
<kw name="Click" owner="Browser">
<msg time="2026-03-10T23:35:58.938635" level="INFO">Clicks the element 'button:has-text("Publish Article")'.</msg>
<arg>selector=button:has-text("Publish Article")</arg>
<tag>PageContent</tag>
<tag>Setter</tag>
<doc>Simulates mouse click on the element found by ``selector``.</doc>
<status status="PASS" start="2026-03-10T23:35:58.938206" elapsed="0.018241"/>
</kw>
<kw name="Run Keyword And Return Status" owner="BuiltIn">
<kw name="Wait For Elements State" owner="Browser">
<msg time="2026-03-10T23:36:00.297765" level="INFO">Waited for Element with selector h1:has-text("No Tags Title") at state visible</msg>
<arg>selector=h1:has-text("${title}")</arg>
<arg>state=visible</arg>
<arg>timeout=10s</arg>
<tag>PageContent</tag>
<tag>Wait</tag>
<doc>Waits for the element found by ``selector`` to satisfy state option.</doc>
<status status="PASS" start="2026-03-10T23:35:58.957160" elapsed="1.340758"/>
</kw>
[...]
<msg time="2026-03-10T23:37:03.028390" level="INFO">${current_val} = user_no_body</msg>
<var>${current_val}</var>
<arg>${raw_val}</arg>
<doc>Converts the given item to a Unicode string.</doc>
<status status="PASS" start="2026-03-10T23:37:03.028148" elapsed="0.000266"/>
</kw>
<kw name="Set Variable If" owner="BuiltIn">
<msg time="2026-03-10T23:37:03.028793" level="INFO">${current_val} = user_no_body</msg>
<var>${current_val}</var>
<arg>'${current_val}' == 'None'</arg>
<arg>${EMPTY}</arg>
<arg>${current_val}</arg>
<doc>Sets variable based on the given condition.</doc>
<status status="PASS" start="2026-03-10T23:37:03.028508" elapsed="0.000309"/>
</kw>
<if>
<branch type="IF" condition="'${current_val.strip()}' == '${target_user.strip()}'">
<kw name="Write Excel Cell" owner="ExcelLibrary">
<arg>row_num=${row_idx}</arg>
<arg>col_num=${res_col}</arg>
<arg>value=${status}</arg>
<arg>sheet_name=Sheet1</arg>
<doc>Writes value to the cell.</doc>
<status status="NOT RUN" start="2026-03-10T23:37:03.029508" elapsed="0.000051"/>
</kw>
<status status="NOT RUN" start="2026-03-10T23:37:03.028884" elapsed="0.000720"/>
</branch>
<status status="PASS" start="2026-03-10T23:37:03.028870" elapsed="0.000765"/>
</if>
<kw name="Evaluate" owner="BuiltIn">
<msg time="2026-03-10T23:37:03.029959" level="INFO">${row_idx} = 7</msg>
<var>${row_idx}</var>
<arg>${row_idx} + 1</arg>
<doc>Evaluates the given expression in Python and returns the result.</doc>
<status status="PASS" start="2026-03-10T23:37:03.029701" elapsed="0.000282"/>
</kw>
<if>
<branch type="IF" condition="$row_idx &gt; 1000">
<break>
<status status="NOT RUN" start="2026-03-10T23:37:03.030168" elapsed="0.000042"/>
</break>
<status status="NOT RUN" start="2026-03-10T23:37:03.030047" elapsed="0.000195"/>
</branch>
<status status="PASS" start="2026-03-10T23:37:03.030033" elapsed="0.000236"/>
</if>
<status status="PASS" start="2026-03-10T23:37:03.025276" elapsed="0.005013"/>
</iter>
<iter>
<kw name="Read Excel Row" owner="ExcelLibrary">
<msg time="2026-03-10T23:37:03.030771" level="INFO">${current_row} = ['user_special', 'special@example.com', 'pass123', 'Title: @#$%^&amp;*()!', 'Desc: 🚀 emojis', '# Markdown Header\n\n- list item', 'tag_!@#', 'PASS']</msg>
<var>${current_row}</var>
<arg>row_num=${row_idx}</arg>
<arg>sheet_name=Sheet1</arg>
<doc>Returns content of a row from the current sheet of the document.</doc>
<status status="PASS" start="2026-03-10T23:37:03.030565" elapsed="0.000239"/>
</kw>
<kw name="Get Length" owner="BuiltIn">
<msg time="2026-03-10T23:37:03.031104" level="INFO">Length is 8.</msg>
<msg time="2026-03-10T23:37:03.031160" level="INFO">${row_len} = 8</msg>
<var>${row_len}</var>
<arg>${current_row}</arg>
<doc>Returns and logs the length of the given item as an integer.</doc>
<status status="PASS" start="2026-03-10T23:37:03.030892" elapsed="0.000288"/>
</kw>
<if>
<branch type="IF" condition="${row_len} == 0">
<break>
<status status="NOT RUN" start="2026-03-10T23:37:03.031358" elapsed="0.000041"/>
</break>
<status status="NOT RUN" start="2026-03-10T23:37:03.031242" elapsed="0.000189"/>
</branch>
<status status="PASS" start="2026-03-10T23:37:03.031229" elapsed="0.000230"/>
</if>
<kw name="Evaluate" owner="BuiltIn">
<msg time="2026-03-10T23:37:03.031848" level="INFO">${is_empty} = False</msg>
<var>${is_empty}</var>
<arg>all(item is None for item in $current_row)</arg>
<doc>Evaluates the given expression in Python and returns the result.</doc>
<status status="PASS" start="2026-03-10T23:37:03.031525" elapsed="0.000348"/>
</kw>
<if>
<branch type="IF" condition="${is_empty}">
<break>
<status status="NOT RUN" start="2026-03-10T23:37:03.032029" elapsed="0.000041"/>
</break>
<status status="NOT RUN" start="2026-03-10T23:37:03.031940" elapsed="0.000161"/>
</branch>
<status status="PASS" start="2026-03-10T23:37:03.031926" elapsed="0.000202"/>
</if>
<kw name="Set Variable" owner="BuiltIn">
<msg time="2026-03-10T23:37:03.032684" level="INFO">${raw_val} = user_special</msg>
<var>${raw_val}</var>
<arg>${current_row[${u_col}-1]}</arg>
<doc>Returns the given values which can then be assigned to a variables.</doc>
<status status="PASS" start="2026-03-10T23:37:03.032193" elapsed="0.000515"/>
</kw>
<kw name="Convert To String" owner="BuiltIn">
<msg time="2026-03-10T23:37:03.033032" level="INFO">${current_val} = user_special</msg>
<var>${current_val}</var>
<arg>${raw_val}</arg>
<doc>Converts the given item to a Unicode string.</doc>
<status status="PASS" start="2026-03-10T23:37:03.032797" elapsed="0.000272"/>
</kw>
<kw name="Set Variable If" owner="BuiltIn">
<msg time="2026-03-10T23:37:03.033436" level="INFO">${current_val} = user_special</msg>
<var>${current_val}</var>
<arg>'${current_val}' == 'None'</arg>
<arg>${EMPTY}</arg>
<arg>${current_val}</arg>
<doc>Sets variable based on the given condition.</doc>
<status status="PASS" start="2026-03-10T23:37:03.033158" elapsed="0.000301"/>
</kw>
<if>
<branch type="IF" condition="'${current_val.strip()}' == '${target_user.strip()}'">
<kw name="Write Excel Cell" owner="ExcelLibrary">
<arg>row_num=${row_idx}</arg>
<arg>col_num=${res_col}</arg>
<arg>value=${status}</arg>
<arg>sheet_name=Sheet1</arg>
<doc>Writes value to the cell.</doc>
<status status="NOT RUN" start="2026-03-10T23:37:03.034150" elapsed="0.000049"/>
</kw>
<status status="NOT RUN" start="2026-03-10T23:37:03.033526" elapsed="0.000720"/>
</branch>
<status status="PASS" start="2026-03-10T23:37:03.033513" elapsed="0.000764"/>
</if>
<kw name="Evaluate" owner="BuiltIn">
<msg time="2026-03-10T23:37:03.034604" level="INFO">${row_idx} = 8</msg>
<var>${row_idx}</var>
<arg>${row_idx} + 1</arg>
<doc>Evaluates the given expression in Python and returns the result.</doc>
<status status="PASS" start="2026-03-10T23:37:03.034343" elapsed="0.000285"/>
</kw>
<if>
<branch type="IF" condition="$row_idx &gt; 1000">
<break>
<status status="NOT RUN" start="2026-03-10T23:37:03.034817" elapsed="0.000043"/>
</break>
<status status="NOT RUN" start="2026-03-10T23:37:03.034693" elapsed="0.000199"/>
</branch>
<status status="PASS" start="2026-03-10T23:37:03.034679" elapsed="0.000242"/>
</if>
<status status="PASS" start="2026-03-10T23:37:03.030315" elapsed="0.004624"/>
</iter>
<iter>
<kw name="Read Excel Row" owner="ExcelLibrary">
<msg time="2026-03-10T23:37:03.035408" level="INFO">${current_row} = ['user_all_empty', 'allempty@example.com', 'pass123', None, None, None, None, None]</msg>
<var>${current_row}</var>
<arg>row_num=${row_idx}</arg>
<arg>sheet_name=Sheet1</arg>
<doc>Returns content of a row from the current sheet of the document.</doc>
<status status="PASS" start="2026-03-10T23:37:03.035204" elapsed="0.000228"/>
</kw>
<kw name="Get Length" owner="BuiltIn">
<msg time="2026-03-10T23:37:03.035727" level="INFO">Length is 8.</msg>
<msg time="2026-03-10T23:37:03.035783" level="INFO">${row_len} = 8</msg>
<var>${row_len}</var>
<arg>${current_row}</arg>
<doc>Returns and logs the length of the given item as an integer.</doc>
<status status="PASS" start="2026-03-10T23:37:03.035517" elapsed="0.000287"/>
</kw>
<if>
<branch type="IF" condition="${row_len} == 0">
<break>
<status status="NOT RUN" start="2026-03-10T23:37:03.036009" elapsed="0.000042"/>
</break>
<status status="NOT RUN" start="2026-03-10T23:37:03.035867" elapsed="0.000216"/>
</branch>
<status status="PASS" start="2026-03-10T23:37:03.035853" elapsed="0.000259"/>
</if>
<kw name="Evaluate" owner="BuiltIn">
<msg time="2026-03-10T23:37:03.036510" level="INFO">${is_empty} = False</msg>
<var>${is_empty}</var>
<arg>all(item is None for item in $current_row)</arg>
<doc>Evaluates the given expression in Python and returns the result.</doc>
<status status="PASS" start="2026-03-10T23:37:03.036179" elapsed="0.000357"/>
</kw>
<if>
<branch type="IF" condition="${is_empty}">
<break>
<status status="NOT RUN" start="2026-03-10T23:37:03.036692" elapsed="0.000040"/>
</break>
<status status="NOT RUN" start="2026-03-10T23:37:03.036603" elapsed="0.000161"/>
</branch>
<status status="PASS" start="2026-03-10T23:37:03.036589" elapsed="0.000207"/>
</if>
<kw name="Set Variable" owner="BuiltIn">
<msg time="2026-03-10T23:37:03.037348" level="INFO">${raw_val} = user_all_empty</msg>
<var>${raw_val}</var>
<arg>${current_row[${u_col}-1]}</arg>
<doc>Returns the given values which can then be assigned to a variables.</doc>
<status status="PASS" start="2026-03-10T23:37:03.036862" elapsed="0.000510"/>
</kw>
<kw name="Convert To String" owner="BuiltIn">
<msg time="2026-03-10T23:37:03.037688" level="INFO">${current_val} = user_all_empty</msg>
<var>${current_val}</var>
<arg>${raw_val}</arg>
<doc>Converts the given item to a Unicode string.</doc>
<status status="PASS" start="2026-03-10T23:37:03.037457" elapsed="0.000254"/>
</kw>
<kw name="Set Variable If" owner="BuiltIn">
<msg time="2026-03-10T23:37:03.038070" level="INFO">${current_val} = user_all_empty</msg>
<var>${current_val}</var>
<arg>'${current_val}' == 'None'</arg>
<arg>${EMPTY}</arg>
<arg>${current_val}</arg>
<doc>Sets variable based on the given condition.</doc>
<status status="PASS" start="2026-03-10T23:37:03.037797" elapsed="0.000297"/>
</kw>
<if>
<branch type="IF" condition="'${current_val.strip()}' == '${target_user.strip()}'">
<kw name="Write Excel Cell" owner="ExcelLibrary">
<arg>row_num=${row_idx}</arg>
<arg>col_num=${res_col}</arg>
<arg>value=${status}</arg>
<arg>sheet_name=Sheet1</arg>
<doc>Writes value to the cell.</doc>
<status status="PASS" start="2026-03-10T23:37:03.038778" elapsed="0.000230"/>
</kw>
<status status="PASS" start="2026-03-10T23:37:03.038160" elapsed="0.000894"/>
</branch>
<status status="PASS" start="2026-03-10T23:37:03.038146" elapsed="0.000940"/>
</if>
<kw name="Evaluate" owner="BuiltIn">
<msg time="2026-03-10T23:37:03.039410" level="INFO">${row_idx} = 9</msg>
<var>${row_idx}</var>
<arg>${row_idx} + 1</arg>
<doc>Evaluates the given expression in Python and returns the result.</doc>
<status status="PASS" start="2026-03-10T23:37:03.039152" elapsed="0.000282"/>
</kw>
<if>
<branch type="IF" condition="$row_idx &gt; 1000">
<break>
<status status="NOT RUN" start="2026-03-10T23:37:03.039616" elapsed="0.000042"/>
</break>
<status status="NOT RUN" start="2026-03-10T23:37:03.039495" elapsed="0.000195"/>
</branch>
<status status="PASS" start="2026-03-10T23:37:03.039482" elapsed="0.000237"/>
</if>
<status status="PASS" start="2026-03-10T23:37:03.034965" elapsed="0.004773"/>
</iter>
<iter>
<kw name="Read Excel Row" owner="ExcelLibrary">
<msg time="2026-03-10T23:37:03.040194" level="INFO">${current_row} = [None, None, None, None, None, None, None, None]</msg>
<var>${current_row}</var>
<arg>row_num=${row_idx}</arg>
<arg>sheet_name=Sheet1</arg>
<doc>Returns content of a row from the current sheet of the document.</doc>
<status status="PASS" start="2026-03-10T23:37:03.039996" elapsed="0.000221"/>
</kw>
<kw name="Get Length" owner="BuiltIn">
<msg time="2026-03-10T23:37:03.040515" level="INFO">Length is 8.</msg>
<msg time="2026-03-10T23:37:03.040572" level="INFO">${row_len} = 8</msg>
<var>${row_len}</var>
<arg>${current_row}</arg>
<doc>Returns and logs the length of the given item as an integer.</doc>
<status status="PASS" start="2026-03-10T23:37:03.040301" elapsed="0.000291"/>
</kw>
<if>
<branch type="IF" condition="${row_len} == 0">
<break>
<status status="NOT RUN" start="2026-03-10T23:37:03.040767" elapsed="0.000045"/>
</break>
<status status="NOT RUN" start="2026-03-10T23:37:03.040652" elapsed="0.000192"/>
</branch>
<status status="PASS" start="2026-03-10T23:37:03.040639" elapsed="0.000233"/>
</if>
<kw name="Evaluate" owner="BuiltIn">
<msg time="2026-03-10T23:37:03.041361" level="INFO">${is_empty} = True</msg>
<var>${is_empty}</var>
<arg>all(item is None for item in $current_row)</arg>
<doc>Evaluates the given expression in Python and returns the result.</doc>
<status status="PASS" start="2026-03-10T23:37:03.040949" elapsed="0.000438"/>
</kw>
<if>
<branch type="IF" condition="${is_empty}">
<break>
<status status="PASS" start="2026-03-10T23:37:03.041550" elapsed="0.000055"/>
</break>
<status status="PASS" start="2026-03-10T23:37:03.041458" elapsed="0.000184"/>
</branch>
<status status="PASS" start="2026-03-10T23:37:03.041443" elapsed="0.000230"/>
</if>
<kw name="Set Variable" owner="BuiltIn">
<var>${raw_val}</var>
<arg>${current_row[${u_col}-1]}</arg>
<doc>Returns the given values which can then be assigned to a variables.</doc>
<status status="NOT RUN" start="2026-03-10T23:37:03.041744" elapsed="0.000049"/>
</kw>
<kw name="Convert To String" owner="BuiltIn">
<var>${current_val}</var>
<arg>${raw_val}</arg>
<doc>Converts the given item to a Unicode string.</doc>
<status status="NOT RUN" start="2026-03-10T23:37:03.041890" elapsed="0.000046"/>
</kw>
<kw name="Set Variable If" owner="BuiltIn">
<var>${current_val}</var>
<arg>'${current_val}' == 'None'</arg>
<arg>${EMPTY}</arg>
<arg>${current_val}</arg>
<doc>Sets variable based on the given condition.</doc>
<status status="NOT RUN" start="2026-03-10T23:37:03.042020" elapsed="0.000044"/>
</kw>
<if>
<branch type="IF" condition="'${current_val.strip()}' == '${target_user.strip()}'">
<kw name="Write Excel Cell" owner="ExcelLibrary">
<arg>row_num=${row_idx}</arg>
<arg>col_num=${res_col}</arg>
<arg>value=${status}</arg>
<arg>sheet_name=Sheet1</arg>
<doc>Writes value to the cell.</doc>
<status status="NOT RUN" start="2026-03-10T23:37:03.042219" elapsed="0.000045"/>
</kw>
<status status="NOT RUN" start="2026-03-10T23:37:03.042128" elapsed="0.000179"/>
</branch>
<status status="NOT RUN" start="2026-03-10T23:37:03.042115" elapsed="0.000220"/>
</if>
<kw name="Evaluate" owner="BuiltIn">
<var>${row_idx}</var>
<arg>${row_idx} + 1</arg>
<doc>Evaluates the given expression in Python and returns the result.</doc>
<status status="NOT RUN" start="2026-03-10T23:37:03.042394" elapsed="0.000044"/>
</kw>
<if>
<branch type="IF" condition="$row_idx &gt; 1000">
<break>
<status status="NOT RUN" start="2026-03-10T23:37:03.042556" elapsed="0.000038"/>
</break>
<status status="NOT RUN" start="2026-03-10T23:37:03.042499" elapsed="0.000125"/>
</branch>
<status status="NOT RUN" start="2026-03-10T23:37:03.042484" elapsed="0.000166"/>
</if>
<status status="PASS" start="2026-03-10T23:37:03.039763" elapsed="0.002907"/>
</iter>
<status status="PASS" start="2026-03-10T23:37:03.005675" elapsed="0.037022"/>
</while>
<kw name="Save Excel Document" owner="ExcelLibrary">
<arg>${excel_path}</arg>
<doc>Saves the current document to disk.</doc>
<status status="PASS" start="2026-03-10T23:37:03.042773" elapsed="0.012995"/>
</kw>
<kw name="Close Current Excel Document" owner="ExcelLibrary">
<doc>Closes current document.</doc>
<status status="PASS" start="2026-03-10T23:37:03.055939" elapsed="0.000148"/>
</kw>
<arg>${CURRENT_TEST_USER}</arg>
<arg>FAIL</arg>
<arg>testdata_article.xlsx</arg>
<status status="PASS" start="2026-03-10T23:37:02.985088" elapsed="0.071085"/>
</kw>
<arg>Log Result To Excel</arg>
<arg>${CURRENT_TEST_USER}</arg>
<arg>FAIL</arg>
<arg>testdata_article.xlsx</arg>
<doc>Runs the given keyword with the given arguments, if the test failed.</doc>
<status status="PASS" start="2026-03-10T23:37:02.984542" elapsed="0.071710"/>
</kw>
<kw name="Logout" owner="Keyword">
<kw name="Get Page Ids" owner="Browser">
<msg time="2026-03-10T23:37:03.059232" level="INFO">${pages} = ['page=420f3cce-1916-4d3c-9cbf-a6c7c00bfb60']</msg>
<var>${pages}</var>
<tag>Assertion</tag>
<tag>BrowserControl</tag>
<tag>Getter</tag>
<doc>Returns a list of page ids based on the context and browser selection.
See `Browser, Context and Page` for more information about Page and related concepts.</doc>
<status status="PASS" start="2026-03-10T23:37:03.056742" elapsed="0.002524"/>
</kw>
<kw name="Get Length" owner="BuiltIn">
<msg time="2026-03-10T23:37:03.059648" level="INFO">Length is 1.</msg>
<msg time="2026-03-10T23:37:03.059711" level="INFO">${count} = 1</msg>
<var>${count}</var>
<arg>${pages}</arg>
<doc>Returns and logs the length of the given item as an integer.</doc>
<status status="PASS" start="2026-03-10T23:37:03.059377" elapsed="0.000355"/>
</kw>
<if>
<branch type="IF" condition="$count == 0">
<kw name="Log" owner="BuiltIn">
<arg>No active pages found. Re-opening for cleanup...</arg>
<doc>Logs the given message with the given level.</doc>
<status status="NOT RUN" start="2026-03-10T23:37:03.060008" elapsed="0.000049"/>
</kw>
<kw name="Go To" owner="Browser">
<arg>${url}</arg>
<tag>BrowserControl</tag>
<tag>Setter</tag>
<doc>Navigates to the given ``url``.</doc>
<status status="NOT RUN" start="2026-03-10T23:37:03.060149" elapsed="0.000047"/>
</kw>
<status status="NOT RUN" start="2026-03-10T23:37:03.059811" elapsed="0.000426"/>
</branch>
<status status="PASS" start="2026-03-10T23:37:03.059790" elapsed="0.000482"/>
</if>
<kw name="LocalStorage Clear" owner="Browser">
<msg time="2026-03-10T23:37:03.062448" level="INFO">JavaScript executed successfully.</msg>
<tag>PageContent</tag>
<tag>Setter</tag>
<doc>Remove all saved data from the local storage.</doc>
<status status="PASS" start="2026-03-10T23:37:03.060340" elapsed="0.002164"/>
</kw>
<kw name="SessionStorage Clear" owner="Browser">
<msg time="2026-03-10T23:37:03.064511" level="INFO">JavaScript executed successfully.</msg>
<tag>PageContent</tag>
<tag>Setter</tag>
<doc>Remove all saved data from the session storage.</doc>
<status status="PASS" start="2026-03-10T23:37:03.062613" elapsed="0.001973"/>
</kw>
<kw name="Sleep" owner="BuiltIn">
<msg time="2026-03-10T23:37:04.065222" level="INFO">Slept 1 second.</msg>
<arg>1s</arg>
<doc>Pauses the test executed for the given time.</doc>
<status status="PASS" start="2026-03-10T23:37:03.064717" elapsed="1.000626"/>
</kw>
<kw name="Get Element Count" owner="Browser">
<msg time="2026-03-10T23:37:04.068523" level="INFO">${is_visible} = 0</msg>
<var>${is_visible}</var>
<arg>selector=a:has-text("Log out")</arg>
<tag>Assertion</tag>
<tag>Getter</tag>
<tag>PageContent</tag>
<doc>Returns the count of elements found with ``selector``.</doc>
<status status="PASS" start="2026-03-10T23:37:04.065541" elapsed="0.003017"/>
</kw>
<if>
<branch type="IF" condition="$is_visible &gt; 0">
<kw name="Click" owner="Browser">
<arg>selector=a:has-text("Log out")</arg>
<tag>PageContent</tag>
<tag>Setter</tag>
<doc>Simulates mouse click on the element found by ``selector``.</doc>
<status status="NOT RUN" start="2026-03-10T23:37:04.068926" elapsed="0.000056"/>
</kw>
<kw name="Sleep" owner="BuiltIn">
<arg>1s</arg>
<doc>Pauses the test executed for the given time.</doc>
<status status="NOT RUN" start="2026-03-10T23:37:04.069081" elapsed="0.000048"/>
</kw>
<status status="NOT RUN" start="2026-03-10T23:37:04.068666" elapsed="0.000501"/>
</branch>
<status status="PASS" start="2026-03-10T23:37:04.068642" elapsed="0.000560"/>
</if>
<kw name="Go To" owner="Browser">
<msg time="2026-03-10T23:37:04.401225" level="INFO">Successfully opened URL https://demo.realworld.show/</msg>
<arg>${url}</arg>
<tag>BrowserControl</tag>
<tag>Setter</tag>
<doc>Navigates to the given ``url``.</doc>
<status status="PASS" start="2026-03-10T23:37:04.069277" elapsed="0.332194"/>
</kw>
<status status="PASS" start="2026-03-10T23:37:03.056476" elapsed="1.345180"/>
</kw>
<status status="PASS" start="2026-03-10T23:37:02.983920" elapsed="1.417856"/>
</kw>
<status status="FAIL" start="2026-03-10T23:36:50.355082" elapsed="14.046781">Article creation failed or title not visible. Check screenshot.</status>
</test>
<kw name="Close Browser" owner="Browser" type="TEARDOWN">
<msg time="2026-03-10T23:37:04.577948" level="INFO">Closed browser</msg>
<tag>BrowserControl</tag>
<tag>Setter</tag>
<doc>Closes the current browser.</doc>
<status status="PASS" start="2026-03-10T23:37:04.412086" elapsed="0.166040"/>
</kw>
<status status="FAIL" start="2026-03-10T23:35:36.149597" elapsed="88.428606"/>
</suite>
<statistics>
<total>
<stat pass="3" fail="4" skip="0">All Tests</stat>
</total>
<tag>
</tag>
<suite>
<stat name="New Article" id="s1" pass="3" fail="4" skip="0">New Article</stat>
</suite>
</statistics>
<errors>
</errors>
</robot>
