<?xml version="1.0" encoding="UTF-8"?>
<robot generator="Robot 7.4.1 (Python 3.14.2 on win32)" generated="2026-03-10T23:23:58.292687" rpa="false" schemaversion="5">
<suite id="s1" name="New Article" source="D:\Conduit-Automate-Testing\testcase\new_article.robot">
<kw name="Go To Url" owner="Keyword" type="SETUP">
<kw name="New Browser" owner="Browser">
<msg time="2026-03-10T23:23:58.910075" level="INFO">{"browser": "chromium", "headless": false, "chromiumSandbox": false, "devtools": false, "handleSIGHUP": true, "handleSIGINT": true, "handleSIGTERM": true, "slowMo": 0.0, "timeout": 30000.0, "tracesDir": "D:\\Conduit-Automate-Testing\\results\\browser\\traces\\temp\\3cdd58d3-d42e-45f2-8aba-e040f756d1ce"}</msg>
<msg time="2026-03-10T23:23:58.951464" level="INFO">Starting Browser process C:\Users\com\AppData\Local\Python\pythoncore-3.14-64\Lib\site-packages\Browser\wrapper\index.js using at 127.0.0.1:63564</msg>
<msg time="2026-03-10T23:24:00.198511" level="INFO">Successfully created browser with options: {"browser":"chromium","headless":false,"chromiumSandbox":false,"devtools":false,"handleSIGHUP":true,"handleSIGINT":true,"handleSIGTERM":true,"slowMo":0,"timeout":30000,"tracesDir":"D:\\Conduit-Automate-Testing\\results\\browser\\traces\\temp\\3cdd58d3-d42e-45f2-8aba-e040f756d1ce"}</msg>
<arg>${browser}</arg>
<arg>headless=False</arg>
<tag>BrowserControl</tag>
<tag>Setter</tag>
<doc>Create a new playwright Browser with specified options.</doc>
<status status="PASS" start="2026-03-10T23:23:58.908228" elapsed="1.290821"/>
</kw>
<kw name="New Page" owner="Browser">
<msg time="2026-03-10T23:24:05.313172" level="INFO">Successfully initialized new page object and opened url: https://demo.realworld.show/</msg>
<msg time="2026-03-10T23:24:05.313258" level="INFO">No context was open. New context was automatically opened when this page is created.</msg>
<arg>${url}</arg>
<arg>networkidle</arg>
<tag>BrowserControl</tag>
<tag>Setter</tag>
<doc>Open a new Page.</doc>
<status status="PASS" start="2026-03-10T23:24:00.199461" elapsed="5.114025"/>
</kw>
<kw name="Set Browser Timeout" owner="Browser">
<arg>10s</arg>
<tag>Config</tag>
<tag>Setter</tag>
<doc>Sets the timeout used by most input and getter keywords.</doc>
<status status="PASS" start="2026-03-10T23:24:05.313709" elapsed="0.000706"/>
</kw>
<kw name="Sleep" owner="BuiltIn">
<msg time="2026-03-10T23:24:10.315342" level="INFO">Slept 5 seconds.</msg>
<arg>5s</arg>
<doc>Pauses the test executed for the given time.</doc>
<status status="PASS" start="2026-03-10T23:24:05.314619" elapsed="5.000867"/>
</kw>
<status status="PASS" start="2026-03-10T23:23:58.906501" elapsed="11.409123"/>
</kw>
<test id="s1-t1" name="Create New Article Successfully" line="18">
<kw name="Evaluate" owner="BuiltIn">
<msg time="2026-03-10T23:24:10.323607" level="INFO">${random_str} = scyzkvmd</msg>
<var>${random_str}</var>
<arg>"".join(random.sample(string.ascii_lowercase, 8))</arg>
<arg>modules=random, string</arg>
<doc>Evaluates the given expression in Python and returns the result.</doc>
<status status="PASS" start="2026-03-10T23:24:10.322987" elapsed="0.000656"/>
</kw>
<kw name="Set Variable" owner="BuiltIn">
<msg time="2026-03-10T23:24:10.324131" level="INFO">${username} = user_scyzkvmd</msg>
<var>${username}</var>
<arg>user_${random_str}</arg>
<doc>Returns the given values which can then be assigned to a variables.</doc>
<status status="PASS" start="2026-03-10T23:24:10.323782" elapsed="0.000377"/>
</kw>
<kw name="Set Variable" owner="BuiltIn">
<msg time="2026-03-10T23:24:10.324555" level="INFO">${email} = user_scyzkvmd@example.com</msg>
<var>${email}</var>
<arg>${username}@example.com</arg>
<doc>Returns the given values which can then be assigned to a variables.</doc>
<status status="PASS" start="2026-03-10T23:24:10.324271" elapsed="0.000308"/>
</kw>
<kw name="Sign Up" owner="Keyword">
<kw name="Click" owner="Browser">
<msg time="2026-03-10T23:24:10.325482" level="INFO">Clicks the element 'a:has-text("Sign Up")'.</msg>
<arg>selector=a:has-text("Sign Up")</arg>
<tag>PageContent</tag>
<tag>Setter</tag>
<doc>Simulates mouse click on the element found by ``selector``.</doc>
<status status="PASS" start="2026-03-10T23:24:10.325148" elapsed="0.050697"/>
</kw>
<kw name="Fill Text" owner="Browser">
<msg time="2026-03-10T23:24:10.377134" level="INFO">Fills the text 'user_scyzkvmd' in the given field.</msg>
<arg>selector=input[placeholder="Username"]</arg>
<arg>txt=${username}</arg>
<tag>PageContent</tag>
<tag>Setter</tag>
<doc>Clears and fills the given ``txt`` into the text field found by ``selector``.</doc>
<status status="PASS" start="2026-03-10T23:24:10.376179" elapsed="0.847984"/>
</kw>
<kw name="Fill Text" owner="Browser">
<msg time="2026-03-10T23:24:11.225048" level="INFO">Fills the text 'user_scyzkvmd@example.com' in the given field.</msg>
<arg>selector=input[placeholder="Email"]</arg>
<arg>txt=${email}</arg>
<tag>PageContent</tag>
<tag>Setter</tag>
<doc>Clears and fills the given ``txt`` into the text field found by ``selector``.</doc>
<status status="PASS" start="2026-03-10T23:24:11.224439" elapsed="0.008904"/>
</kw>
<kw name="Fill Text" owner="Browser">
<msg time="2026-03-10T23:24:11.234199" level="INFO">Fills the text 'password123' in the given field.</msg>
<arg>selector=input[placeholder="Password"]</arg>
<arg>txt=${password}</arg>
<tag>PageContent</tag>
<tag>Setter</tag>
<doc>Clears and fills the given ``txt`` into the text field found by ``selector``.</doc>
<status status="PASS" start="2026-03-10T23:24:11.233578" elapsed="0.009157"/>
</kw>
<kw name="Get Element States" owner="Browser">
<msg time="2026-03-10T23:24:11.279766" level="INFO">States are: ['attached', 'visible', 'enabled', 'defocused']</msg>
<msg time="2026-03-10T23:24:11.279909" level="INFO">${state} = ['attached', 'visible', 'enabled', 'defocused']</msg>
<var>${state}</var>
<arg>selector=button:has-text("Sign up")</arg>
<tag>Assertion</tag>
<tag>Getter</tag>
<tag>PageContent</tag>
<doc>Get the active states from the element found by ``selector``.</doc>
<status status="PASS" start="2026-03-10T23:24:11.242948" elapsed="0.036988"/>
</kw>
<if>
<branch type="IF" condition="'enabled' in $state">
<kw name="Click" owner="Browser">
<msg time="2026-03-10T23:24:11.280849" level="INFO">Clicks the element 'button:has-text("Sign up")'.</msg>
<arg>selector=button:has-text("Sign up")</arg>
<tag>PageContent</tag>
<tag>Setter</tag>
<doc>Simulates mouse click on the element found by ``selector``.</doc>
<status status="PASS" start="2026-03-10T23:24:11.280433" elapsed="0.024104"/>
</kw>
<kw name="Wait For Elements State" owner="Browser">
<msg time="2026-03-10T23:24:12.142265" level="INFO">Waited for Element with selector a:has-text("Settings") at state visible</msg>
<arg>selector=a:has-text("Settings")</arg>
<arg>state=visible</arg>
<arg>timeout=5s</arg>
<tag>PageContent</tag>
<tag>Wait</tag>
<doc>Waits for the element found by ``selector`` to satisfy state option.</doc>
<status status="PASS" start="2026-03-10T23:24:11.304732" elapsed="0.837730"/>
</kw>
<status status="PASS" start="2026-03-10T23:24:11.280091" elapsed="0.862475"/>
</branch>
<branch type="ELSE">
<kw name="Fail" owner="BuiltIn">
<arg>Registration failed: 'Sign up' button is disabled due to missing or invalid data.</arg>
<doc>Fails the test with the given message and optionally alters its tags.</doc>
<status status="NOT RUN" start="2026-03-10T23:24:12.142869" elapsed="0.000074"/>
</kw>
<status status="NOT RUN" start="2026-03-10T23:24:12.142643" elapsed="0.000345"/>
</branch>
<status status="PASS" start="2026-03-10T23:24:11.280045" elapsed="0.862979"/>
</if>
<kw name="Sleep" owner="BuiltIn">
<msg time="2026-03-10T23:24:14.143943" level="INFO">Slept 2 seconds.</msg>
<arg>2s</arg>
<doc>Pauses the test executed for the given time.</doc>
<status status="PASS" start="2026-03-10T23:24:12.143131" elapsed="2.000975"/>
</kw>
<arg>${username}</arg>
<arg>${email}</arg>
<arg>${TEST_PASSWORD}</arg>
<status status="PASS" start="2026-03-10T23:24:10.324825" elapsed="3.819404"/>
</kw>
<kw name="Create Article" owner="Keyword">
<kw name="Click" owner="Browser">
<msg time="2026-03-10T23:24:14.145294" level="INFO">Clicks the element 'a:has-text("New Article")'.</msg>
<arg>selector=a:has-text("New Article")</arg>
<tag>PageContent</tag>
<tag>Setter</tag>
<doc>Simulates mouse click on the element found by ``selector``.</doc>
<status status="PASS" start="2026-03-10T23:24:14.144918" elapsed="0.022798"/>
</kw>
<kw name="Fill Text" owner="Browser">
<msg time="2026-03-10T23:24:14.168599" level="INFO">Fills the text 'Automated Article Title' in the given field.</msg>
<arg>selector=input[placeholder="Article Title"]</arg>
<arg>txt=${title}</arg>
<tag>PageContent</tag>
<tag>Setter</tag>
<doc>Clears and fills the given ``txt`` into the text field found by ``selector``.</doc>
<status status="PASS" start="2026-03-10T23:24:14.167938" elapsed="0.334271"/>
</kw>
<kw name="Fill Text" owner="Browser">
<msg time="2026-03-10T23:24:14.503441" level="INFO">Fills the text 'This is an automated article description.' in the given field.</msg>
<arg>selector=input[placeholder="What's this article about?"]</arg>
<arg>txt=${description}</arg>
<tag>PageContent</tag>
<tag>Setter</tag>
<doc>Clears and fills the given ``txt`` into the text field found by ``selector``.</doc>
<status status="PASS" start="2026-03-10T23:24:14.502536" elapsed="0.011000"/>
</kw>
<kw name="Clear Text" owner="Browser">
<arg>selector=textarea[name="body"]</arg>
<tag>PageContent</tag>
<tag>Setter</tag>
<doc>Clears the text field found by ``selector``.</doc>
<status status="PASS" start="2026-03-10T23:24:14.513770" elapsed="0.010362"/>
</kw>
<kw name="Type Text" owner="Browser">
<msg time="2026-03-10T23:24:14.525030" level="INFO">Types the text '' in the given field.</msg>
<arg>selector=textarea[name="body"]</arg>
<arg>txt=${body}</arg>
<arg>delay=10ms</arg>
<tag>PageContent</tag>
<tag>Setter</tag>
<doc>Types the given ``txt`` into the text field found by ``selector``.</doc>
<status status="PASS" start="2026-03-10T23:24:14.524337" elapsed="0.015981"/>
</kw>
<kw name="Fill Text" owner="Browser">
<msg time="2026-03-10T23:24:14.541144" level="INFO">Fills the text 'robotframework, automation' in the given field.</msg>
<arg>selector=input[placeholder="Enter tags"]</arg>
<arg>txt=${tags}</arg>
<tag>PageContent</tag>
<tag>Setter</tag>
<doc>Clears and fills the given ``txt`` into the text field found by ``selector``.</doc>
<status status="PASS" start="2026-03-10T23:24:14.540530" elapsed="0.009438"/>
</kw>
<kw name="Click" owner="Browser">
<msg time="2026-03-10T23:24:14.550842" level="INFO">Clicks the element 'button:has-text("Publish Article")'.</msg>
<arg>selector=button:has-text("Publish Article")</arg>
<tag>PageContent</tag>
<tag>Setter</tag>
<doc>Simulates mouse click on the element found by ``selector``.</doc>
<status status="PASS" start="2026-03-10T23:24:14.550217" elapsed="0.028958"/>
</kw>
<kw name="Run Keyword And Return Status" owner="BuiltIn">
<kw name="Wait For Elements State" owner="Browser">
<msg time="2026-03-10T23:24:24.640285" level="INFO" html="true">&lt;/td&gt;&lt;/tr&gt;&lt;tr&gt;&lt;td colspan="3"&gt;&lt;a href="browser/screenshot/fail-screenshot-1.png" target="_blank"&gt;&lt;img src="browser/screenshot/fail-screenshot-1.png" width="800px"/&gt;&lt;/a&gt;</msg>
<msg time="2026-03-10T23:24:24.640444" level="INFO">See also file:///D:/Conduit-Automate-Testing/results/playwright-log.txt for additional details.</msg>
<msg time="2026-03-10T23:24:24.640903" level="FAIL">TimeoutError: locator.waitFor: Timeout 10000ms exceeded.
Call log:
  - waiting for locator('h1:has-text("Automated Article Title")') to be visible
</msg>
<arg>selector=h1:has-text("${title}")</arg>
<arg>state=visible</arg>
<arg>timeout=10s</arg>
<tag>PageContent</tag>
<tag>Wait</tag>
<doc>Waits for the element found by ``selector`` to satisfy state option.</doc>
<status status="FAIL" start="2026-03-10T23:24:14.579807" elapsed="10.064166">TimeoutError: locator.waitFor: Timeout 10000ms exceeded.
Call log:
  - waiting for locator('h1:has-text("Automated Article Title")') to be visible
</status>
</kw>
<msg time="2026-03-10T23:24:24.644117" level="INFO">${status} = False</msg>
<var>${status}</var>
<arg>Wait For Elements State</arg>
<arg>selector=h1:has-text("${title}")</arg>
<arg>state=visible</arg>
<arg>timeout=10s</arg>
<doc>Runs the specified keyword and returns the status as a Boolean value.</doc>
<status status="PASS" start="2026-03-10T23:24:14.579383" elapsed="10.064758"/>
</kw>
<if>
<branch type="IF" condition="not ${status}">
<kw name="Take Screenshot" owner="Browser">
<msg time="2026-03-10T23:24:24.700403" level="INFO" html="true">&lt;/td&gt;&lt;/tr&gt;&lt;tr&gt;&lt;td colspan="3"&gt;&lt;a href="browser/screenshot/robotframework-browser-screenshot-1.png" target="_blank"&gt;&lt;img src="browser/screenshot/robotframework-browser-screenshot-1.png" width="800px"/&gt;&lt;/a&gt;</msg>
<arg>selector=body</arg>
<tag>PageContent</tag>
<doc>Takes a screenshot of the current window or element and saves it to disk.</doc>
<status status="PASS" start="2026-03-10T23:24:24.644480" elapsed="0.056045"/>
</kw>
<kw name="Fail" owner="BuiltIn">
<msg time="2026-03-10T23:24:24.701109" level="FAIL">Article creation failed or title not visible. Check screenshot.</msg>
<arg>Article creation failed or title not visible. Check screenshot.</arg>
<doc>Fails the test with the given message and optionally alters its tags.</doc>
<status status="FAIL" start="2026-03-10T23:24:24.700744" elapsed="0.000448">Article creation failed or title not visible. Check screenshot.</status>
</kw>
<status status="FAIL" start="2026-03-10T23:24:24.644243" elapsed="0.057024">Article creation failed or title not visible. Check screenshot.</status>
</branch>
<status status="FAIL" start="2026-03-10T23:24:24.644216" elapsed="0.057100">Article creation failed or title not visible. Check screenshot.</status>
</if>
<arg>${ARTICLE_TITLE}</arg>
<arg>${ARTICLE_DESC}</arg>
<arg>${ARTICLE_BODY}</arg>
<arg>${ARTICLE_TAGS}</arg>
<status status="FAIL" start="2026-03-10T23:24:14.144507" elapsed="10.556903">Article creation failed or title not visible. Check screenshot.</status>
</kw>
<kw name="Logout" owner="Keyword" type="TEARDOWN">
<kw name="Get Page Ids" owner="Browser">
<msg time="2026-03-10T23:24:24.704760" level="INFO">${pages} = ['page=9198be9f-08d9-4ea5-aca9-89c34764e44d']</msg>
<var>${pages}</var>
<tag>Assertion</tag>
<tag>BrowserControl</tag>
<tag>Getter</tag>
<doc>Returns a list of page ids based on the context and browser selection.
See `Browser, Context and Page` for more information about Page and related concepts.</doc>
<status status="PASS" start="2026-03-10T23:24:24.702021" elapsed="0.002771"/>
</kw>
<kw name="Get Length" owner="BuiltIn">
<msg time="2026-03-10T23:24:24.705316" level="INFO">Length is 1.</msg>
<msg time="2026-03-10T23:24:24.705379" level="INFO">${count} = 1</msg>
<var>${count}</var>
<arg>${pages}</arg>
<doc>Returns and logs the length of the given item as an integer.</doc>
<status status="PASS" start="2026-03-10T23:24:24.704910" elapsed="0.000490"/>
</kw>
<if>
<branch type="IF" condition="$count == 0">
<kw name="Log" owner="BuiltIn">
<arg>No active pages found. Re-opening for cleanup...</arg>
<doc>Logs the given message with the given level.</doc>
<status status="NOT RUN" start="2026-03-10T23:24:24.705731" elapsed="0.000060"/>
</kw>
<kw name="Go To" owner="Browser">
<arg>${url}</arg>
<tag>BrowserControl</tag>
<tag>Setter</tag>
<doc>Navigates to the given ``url``.</doc>
<status status="NOT RUN" start="2026-03-10T23:24:24.705879" elapsed="0.000045"/>
</kw>
<status status="NOT RUN" start="2026-03-10T23:24:24.705480" elapsed="0.000482"/>
</branch>
<status status="PASS" start="2026-03-10T23:24:24.705459" elapsed="0.000538"/>
</if>
<kw name="LocalStorage Clear" owner="Browser">
<msg time="2026-03-10T23:24:24.708911" level="INFO">JavaScript executed successfully.</msg>
<tag>PageContent</tag>
<tag>Setter</tag>
<doc>Remove all saved data from the local storage.</doc>
<status status="PASS" start="2026-03-10T23:24:24.706060" elapsed="0.002915"/>
</kw>
<kw name="SessionStorage Clear" owner="Browser">
<msg time="2026-03-10T23:24:24.711205" level="INFO">JavaScript executed successfully.</msg>
<tag>PageContent</tag>
<tag>Setter</tag>
<doc>Remove all saved data from the session storage.</doc>
<status status="PASS" start="2026-03-10T23:24:24.709109" elapsed="0.002169"/>
</kw>
<kw name="Sleep" owner="BuiltIn">
<msg time="2026-03-10T23:24:25.712140" level="INFO">Slept 1 second.</msg>
<arg>1s</arg>
<doc>Pauses the test executed for the given time.</doc>
<status status="PASS" start="2026-03-10T23:24:24.711387" elapsed="1.000870"/>
</kw>
<kw name="Get Element Count" owner="Browser">
<msg time="2026-03-10T23:24:25.716745" level="INFO">${is_visible} = 0</msg>
<var>${is_visible}</var>
<arg>selector=a:has-text("Log out")</arg>
<tag>Assertion</tag>
<tag>Getter</tag>
<tag>PageContent</tag>
<doc>Returns the count of elements found with ``selector``.</doc>
<status status="PASS" start="2026-03-10T23:24:25.712442" elapsed="0.004341"/>
</kw>
<if>
<branch type="IF" condition="$is_visible &gt; 0">
<kw name="Click" owner="Browser">
<arg>selector=a:has-text("Log out")</arg>
<tag>PageContent</tag>
<tag>Setter</tag>
<doc>Simulates mouse click on the element found by ``selector``.</doc>
<status status="NOT RUN" start="2026-03-10T23:24:25.717186" elapsed="0.000059"/>
</kw>
<kw name="Sleep" owner="BuiltIn">
<arg>1s</arg>
<doc>Pauses the test executed for the given time.</doc>
<status status="NOT RUN" start="2026-03-10T23:24:25.717338" elapsed="0.000047"/>
</kw>
<status status="NOT RUN" start="2026-03-10T23:24:25.716898" elapsed="0.000524"/>
</branch>
<status status="PASS" start="2026-03-10T23:24:25.716874" elapsed="0.000581"/>
</if>
<kw name="Go To" owner="Browser">
<msg time="2026-03-10T23:24:26.058064" level="INFO">Successfully opened URL https://demo.realworld.show/</msg>
<arg>${url}</arg>
<tag>BrowserControl</tag>
<tag>Setter</tag>
<doc>Navigates to the given ``url``.</doc>
<status status="PASS" start="2026-03-10T23:24:25.717521" elapsed="0.340773"/>
</kw>
<status status="PASS" start="2026-03-10T23:24:24.701773" elapsed="1.356680"/>
</kw>
<status status="FAIL" start="2026-03-10T23:24:10.315725" elapsed="15.742825">Article creation failed or title not visible. Check screenshot.</status>
</test>
<kw name="Close Browser" owner="Browser" type="TEARDOWN">
<msg time="2026-03-10T23:24:26.275506" level="INFO">Closed browser</msg>
<tag>BrowserControl</tag>
<tag>Setter</tag>
<doc>Closes the current browser.</doc>
<status status="PASS" start="2026-03-10T23:24:26.071119" elapsed="0.204624"/>
</kw>
<status status="FAIL" start="2026-03-10T23:23:58.294521" elapsed="27.981339"/>
</suite>
<statistics>
<total>
<stat pass="0" fail="1" skip="0">All Tests</stat>
</total>
<tag>
</tag>
<suite>
<stat name="New Article" id="s1" pass="0" fail="1" skip="0">New Article</stat>
</suite>
</statistics>
<errors>
</errors>
</robot>
